#
# A fatal error has been detected by the Java Runtime Environment:
#
#  SIGSEGV (0xb) at pc=0x00007f5608a053e4, pid=5106, tid=140007416526592
#
# JRE version: 6.0_27-b27
# Java VM: OpenJDK 64-Bit Server VM (20.0-b12 mixed mode linux-amd64 compressed oops)
# Derivative: IcedTea6 1.12.6
# Distribution: Ubuntu 12.04 LTS, package 6b27-1.12.6-1ubuntu0.12.04.4
# Problematic frame:
# V  [libjvm.so+0x5de3e4]  MarkSweep::follow_stack()+0x34
#
# If you would like to submit a bug report, please include
# instructions how to reproduce the bug and visit:
#   https://bugs.launchpad.net/ubuntu/+source/openjdk-6/
#

---------------  T H R E A D  ---------------

Current thread (0x00007f5600071800):  VMThread [stack: 0x00007f560443f000,0x00007f5604540000] [id=5116]

siginfo:si_signo=SIGSEGV: si_errno=0, si_code=1 (SEGV_MAPERR), si_addr=0x00000187000038ca

Registers:
RAX=0x0000018700003812, RBX=0x00007f5608fcd8a0, RCX=0x0000000000000003, RDX=0x00007f5608fb6850
RSP=0x00007f560453e5d0, RBP=0x00007f560453e630, RSI=0x000000076552aa98, RDI=0x000000065a51ccb0
R8 =0x0000000000000001, R9 =0x0000000000000001, R10=0x0000000000000000, R11=0x0000000000000040
R12=0x00007f5608fcd780, R13=0x00007f560000dff0, R14=0x00007f5608fcafaa, R15=0x00007f5608fd1550
RIP=0x00007f5608a053e4, EFLAGS=0x0000000000010206, CSGSFS=0x0000000000000033, ERR=0x0000000000000004
  TRAPNO=0x000000000000000e

Top of Stack: (sp=0x00007f560453e5d0)
0x00007f560453e5d0:   00007f560453e610 00000006741df850
0x00007f560453e5e0:   00007f560453e610 00007f5608fcd5f0
0x00007f560453e5f0:   00007f5608fe8c80 00007f5608fcd5f0
0x00007f560453e600:   00007f560453e630 00007f5608fcd5f0
0x00007f560453e610:   0000000000000000 00007f560000dff0
0x00007f560453e620:   0000000000000000 00007f5608fd1550
0x00007f560453e630:   00007f560453e6c0 00007f5608ab6692
0x00007f560453e640:   00007f5604010100 0000000000000000
0x00007f560453e650:   00007f560453e690 0000000000000c00
0x00007f560453e660:   0000000000000000 00007f56000008c0
0x00007f560453e670:   00007f5608f92610 00007f560000df00
0x00007f560453e680:   00007f5608fcd5f0 00007f5608ac6701
0x00007f560453e690:   00007f560000db80 01007f560000df60
0x00007f560453e6a0:   00007f560453e6c0 00007f560000db80
0x00007f560453e6b0:   00007f560000df60 00007f560000dff0
0x00007f560453e6c0:   00007f560453e8f0 00007f5608ab7031
0x00007f560453e6d0:   0000000500000001 0000000000000001
0x00007f560453e6e0:   00007f5600000001 00007f560001c590
0x00007f560453e6f0:   0000000a09ddb4b8 00007f560000df60
0x00007f560453e700:   00007f560000fea0 00007f560000db80
0x00007f560453e710:   00007f560453e790 00007f5608fb6840
0x00007f560453e720:   00007f560006f0c0 00007f560006f170
0x00007f560453e730:   00007f560000dff0 00007f5608fd1550
0x00007f560453e740:   00007f560000dcc0 0000000013a41318
0x00007f560453e750:   0000000095550000 00000001327598c0
0x00007f560453e760:   0000000000384fb8 00007f5608fb6840
0x00007f560453e770:   0000001200000000 00007f5600054be0
0x00007f560453e780:   00007f560000fea0 00007f560000f8c0
0x00007f560453e790:   00007f560453e7e0 00007f5608fcadd1
0x00007f560453e7a0:   0000000000000000 0000000001bfe3b0
0x00007f560453e7b0:   00007f5600072001 00007f560006f1f0
0x00007f560453e7c0:   0000000000000000 00007f560006f170 

Instructions: (pc=0x00007f5608a053e4)
0x00007f5608a053c4:   e8 21 5a 00 4c 8b 25 a9 2a 5a 00 48 8b 43 38 eb
0x00007f5608a053d4:   19 0f 1f 00 48 8b 46 08 48 8d 78 10 48 8b 40 10
0x00007f5608a053e4:   ff 90 b8 00 00 00 48 8b 43 38 48 85 c0 74 4d 4c
0x00007f5608a053f4:   8b 35 de de 59 00 48 8b 53 20 48 83 fa 01 0f 84 

Register to memory mapping:

RAX=0x0000018700003812 is an unknown value
RBX=0x00007f5608fcd8a0: <offset 0xba68a0> in /usr/lib/jvm/java-6-openjdk-amd64/jre/lib/amd64/server/libjvm.so at 0x00007f5608427000
RCX=0x0000000000000003 is an unknown value
RDX=0x00007f5608fb6850: <offset 0xb8f850> in /usr/lib/jvm/java-6-openjdk-amd64/jre/lib/amd64/server/libjvm.so at 0x00007f5608427000
RSP=0x00007f560453e5d0 is an unknown value
RBP=0x00007f560453e630 is an unknown value
RSI=0x000000076552aa98 is an unknown value
RDI=0x000000065a51ccb0 is an oop
graph_coloring.structure.weight_graph.ericsson_graph.EricssonNode 
 - klass: 'graph_coloring/structure/weight_graph/ericsson_graph/EricssonNode'
R8 =0x0000000000000001 is an unknown value
R9 =0x0000000000000001 is an unknown value
R10=0x0000000000000000 is an unknown value
R11=0x0000000000000040 is an unknown value
R12=0x00007f5608fcd780: <offset 0xba6780> in /usr/lib/jvm/java-6-openjdk-amd64/jre/lib/amd64/server/libjvm.so at 0x00007f5608427000
R13=0x00007f560000dff0 is an unknown value
R14=0x00007f5608fcafaa: <offset 0xba3faa> in /usr/lib/jvm/java-6-openjdk-amd64/jre/lib/amd64/server/libjvm.so at 0x00007f5608427000
R15=0x00007f5608fd1550: <offset 0xbaa550> in /usr/lib/jvm/java-6-openjdk-amd64/jre/lib/amd64/server/libjvm.so at 0x00007f5608427000


Stack: [0x00007f560443f000,0x00007f5604540000],  sp=0x00007f560453e5d0,  free space=1021k
Native frames: (J=compiled Java code, j=interpreted, Vv=VM code, C=native code)
V  [libjvm.so+0x5de3e4]  MarkSweep::follow_stack()+0x34
V  [libjvm.so+0x68f692]  PSMarkSweep::mark_sweep_phase1(bool)+0xc2
V  [libjvm.so+0x690031]  PSMarkSweep::invoke_no_policy(bool)+0x3b1
V  [libjvm.so+0x69d4a5]  PSScavenge::invoke()+0x165
V  [libjvm.so+0x661eae]  ParallelScavengeHeap::failed_mem_allocate(unsigned long, bool)+0x8e
V  [libjvm.so+0x784726]  VM_ParallelGCFailedAllocation::doit()+0x96
V  [libjvm.so+0x78807c]  VM_Operation::evaluate()+0x4c
V  [libjvm.so+0x7871da]  VMThread::evaluate_operation(VM_Operation*)+0x7a
V  [libjvm.so+0x7873f9]  VMThread::loop()+0x149
V  [libjvm.so+0x787722]  VMThread::run()+0x72
V  [libjvm.so+0x64ac92]  java_start(Thread*)+0x112

VM_Operation (0x00007f5609ddb2d0): ParallelGCFailedAllocation, mode: safepoint, requested by thread 0x00007f5600008000


---------------  P R O C E S S  ---------------

Java Threads: ( => current thread )
  0x00007f560009f800 JavaThread "Low Memory Detector" daemon [_thread_blocked, id=5122, stack(0x00007f55fc71b000,0x00007f55fc81c000)]
  0x00007f560009d800 JavaThread "C2 CompilerThread1" daemon [_thread_blocked, id=5121, stack(0x00007f55fc81c000,0x00007f55fc91d000)]
  0x00007f560009a800 JavaThread "C2 CompilerThread0" daemon [_thread_blocked, id=5120, stack(0x00007f560403b000,0x00007f560413c000)]
  0x00007f5600099000 JavaThread "Signal Dispatcher" daemon [_thread_blocked, id=5119, stack(0x00007f560413c000,0x00007f560423d000)]
  0x00007f5600078000 JavaThread "Finalizer" daemon [_thread_blocked, id=5118, stack(0x00007f560423d000,0x00007f560433e000)]
  0x00007f5600076000 JavaThread "Reference Handler" daemon [_thread_blocked, id=5117, stack(0x00007f560433e000,0x00007f560443f000)]
  0x00007f5600008000 JavaThread "main" [_thread_blocked, id=5111, stack(0x00007f5609cdc000,0x00007f5609ddd000)]

Other Threads:
=>0x00007f5600071800 VMThread [stack: 0x00007f560443f000,0x00007f5604540000] [id=5116]
  0x00007f56000aa800 WatcherThread [stack: 0x00007f55fc61a000,0x00007f55fc71b000] [id=5123]

VM state:at safepoint (normal execution)

VM Mutex/Monitor currently owned by a thread:  ([mutex/lock_event])
[0x00007f5600004420] Threads_lock - owner thread: 0x00007f5600071800
[0x00007f5600004920] Heap_lock - owner thread: 0x00007f5600008000

Heap
 PSYoungGen      total 2446656K, used 2446656K [0x0000000755560000, 0x0000000800000000, 0x0000000800000000)
  eden space 2097152K, 100% used [0x0000000755560000,0x00000007d5560000,0x00000007d5560000)
  from space 349504K, 100% used [0x00000007d5560000,0x00000007eaab0000,0x00000007eaab0000)
  to   space 349504K, 100% used [0x00000007eaab0000,0x0000000800000000,0x0000000800000000)
 PSOldGen        total 5592448K, used 2574374K [0x0000000600000000, 0x0000000755560000, 0x0000000755560000)
  object space 5592448K, 46% used [0x0000000600000000,0x000000069d2098c0,0x0000000755560000)
 PSPermGen       total 21248K, used 3603K [0x00000005f5a00000, 0x00000005f6ec0000, 0x0000000600000000)
  object space 21248K, 16% used [0x00000005f5a00000,0x00000005f5d84fb8,0x00000005f6ec0000)

Code Cache  [0x00007f55fd000000, 0x00007f55fd270000, 0x00007f5600000000)
 total_blobs=377 nmethods=197 adapters=134 free_code_cache=49245248 largest_free_block=63232

Dynamic libraries:
00400000-00409000 r-xp 00000000 08:01 6424865                            /usr/lib/jvm/java-6-openjdk-amd64/jre/bin/java
00608000-00609000 r--p 00008000 08:01 6424865                            /usr/lib/jvm/java-6-openjdk-amd64/jre/bin/java
00609000-0060a000 rw-p 00009000 08:01 6424865                            /usr/lib/jvm/java-6-openjdk-amd64/jre/bin/java
021c5000-021e6000 rw-p 00000000 00:00 0                                  [heap]
5f5a00000-5f6ec0000 rw-p 00000000 00:00 0 
5f6ec0000-600000000 rw-p 00000000 00:00 0 
600000000-800000000 rw-p 00000000 00:00 0 
7f55c0000000-7f55c0021000 rw-p 00000000 00:00 0 
7f55c0021000-7f55c4000000 ---p 00000000 00:00 0 
7f55c4000000-7f55c4021000 rw-p 00000000 00:00 0 
7f55c4021000-7f55c8000000 ---p 00000000 00:00 0 
7f55c8000000-7f55c9dad000 rw-p 00000000 00:00 0 
7f55c9dad000-7f55cc000000 ---p 00000000 00:00 0 
7f55cc000000-7f55cd6cf000 rw-p 00000000 00:00 0 
7f55cd6cf000-7f55d0000000 ---p 00000000 00:00 0 
7f55d0000000-7f55d0021000 rw-p 00000000 00:00 0 
7f55d0021000-7f55d4000000 ---p 00000000 00:00 0 
7f55d4000000-7f55d4021000 rw-p 00000000 00:00 0 
7f55d4021000-7f55d8000000 ---p 00000000 00:00 0 
7f55d8000000-7f55db50e000 rw-p 00000000 00:00 0 
7f55db50e000-7f55dc000000 ---p 00000000 00:00 0 
7f55dc000000-7f55dc021000 rw-p 00000000 00:00 0 
7f55dc021000-7f55e0000000 ---p 00000000 00:00 0 
7f55e0000000-7f55e0155000 rw-p 00000000 00:00 0 
7f55e0155000-7f55e4000000 ---p 00000000 00:00 0 
7f55e8000000-7f55e8021000 rw-p 00000000 00:00 0 
7f55e8021000-7f55ec000000 ---p 00000000 00:00 0 
7f55f0000000-7f55f4000000 rw-p 00000000 00:00 0 
7f55f8000000-7f55f83b9000 rw-p 00000000 00:00 0 
7f55f83b9000-7f55fc000000 ---p 00000000 00:00 0 
7f55fc60b000-7f55fc60d000 r--s 00001000 08:01 6424049                    /usr/lib/jvm/java-6-openjdk-common/jre/lib/ext/dnsns.jar
7f55fc60d000-7f55fc610000 r--s 00077000 08:01 6424021                    /usr/lib/jvm/java-6-openjdk-common/jre/lib/ext/localedata.jar
7f55fc610000-7f55fc613000 r--s 00031000 08:01 6424050                    /usr/lib/jvm/java-6-openjdk-common/jre/lib/ext/sunjce_provider.jar
7f55fc613000-7f55fc617000 r--s 00039000 08:01 6423924                    /usr/lib/jvm/java-6-openjdk-common/jre/lib/ext/sunpkcs11.jar
7f55fc617000-7f55fc618000 r--s 00007000 08:01 6689659                    /usr/share/java/java-atk-wrapper.jar
7f55fc618000-7f55fc61a000 r--s 0000f000 08:01 6423947                    /usr/lib/jvm/java-6-openjdk-common/jre/lib/ext/pulse-java.jar
7f55fc61a000-7f55fc61b000 ---p 00000000 00:00 0 
7f55fc61b000-7f55fc71b000 rw-p 00000000 00:00 0 
7f55fc71b000-7f55fc71e000 ---p 00000000 00:00 0 
7f55fc71e000-7f55fc81c000 rw-p 00000000 00:00 0 
7f55fc81c000-7f55fc81f000 ---p 00000000 00:00 0 
7f55fc81f000-7f55fc91d000 rw-p 00000000 00:00 0 
7f55fc91d000-7f55fd000000 r--p 00000000 08:01 6298245                    /usr/lib/locale/locale-archive
7f55fd000000-7f55fd270000 rwxp 00000000 00:00 0 
7f55fd270000-7f56000db000 rw-p 00000000 00:00 0 
7f56000db000-7f5604000000 ---p 00000000 00:00 0 
7f560403b000-7f560403e000 ---p 00000000 00:00 0 
7f560403e000-7f560413c000 rw-p 00000000 00:00 0 
7f560413c000-7f560413f000 ---p 00000000 00:00 0 
7f560413f000-7f560423d000 rw-p 00000000 00:00 0 
7f560423d000-7f5604240000 ---p 00000000 00:00 0 
7f5604240000-7f560433e000 rw-p 00000000 00:00 0 
7f560433e000-7f5604341000 ---p 00000000 00:00 0 
7f5604341000-7f560443f000 rw-p 00000000 00:00 0 
7f560443f000-7f5604440000 ---p 00000000 00:00 0 
7f5604440000-7f5604a78000 rw-p 00000000 00:00 0 
7f5604a78000-7f5604c0c000 r--s 03822000 08:01 6424859                    /usr/lib/jvm/java-6-openjdk-amd64/jre/lib/rt.jar
7f5604c0c000-7f5604c34000 rw-p 00000000 00:00 0 
7f5604c34000-7f5604c35000 ---p 00000000 00:00 0 
7f5604c35000-7f5604d35000 rw-p 00000000 00:00 0 
7f5604d35000-7f5604d36000 ---p 00000000 00:00 0 
7f5604d36000-7f5604e36000 rw-p 00000000 00:00 0 
7f5604e36000-7f5604e37000 ---p 00000000 00:00 0 
7f5604e37000-7f5604f37000 rw-p 00000000 00:00 0 
7f5604f37000-7f5604f38000 ---p 00000000 00:00 0 
7f5604f38000-7f5605043000 rw-p 00000000 00:00 0 
7f5605043000-7f560508b000 rw-p 00000000 00:00 0 
7f560508b000-7f5605b41000 rw-p 00000000 00:00 0 
7f5605b41000-7f5605b89000 rw-p 00000000 00:00 0 
7f5605b89000-7f5606b8a000 rw-p 00000000 00:00 0 
7f5606b8a000-7f5606b91000 r-xp 00000000 08:01 6423950                    /usr/lib/jvm/java-6-openjdk-amd64/jre/lib/amd64/libzip.so
7f5606b91000-7f5606d90000 ---p 00007000 08:01 6423950                    /usr/lib/jvm/java-6-openjdk-amd64/jre/lib/amd64/libzip.so
7f5606d90000-7f5606d91000 r--p 00006000 08:01 6423950                    /usr/lib/jvm/java-6-openjdk-amd64/jre/lib/amd64/libzip.so
7f5606d91000-7f5606d92000 rw-p 00007000 08:01 6423950                    /usr/lib/jvm/java-6-openjdk-amd64/jre/lib/amd64/libzip.so
7f5606d92000-7f5606d9e000 r-xp 00000000 08:01 6822122                    /lib/x86_64-linux-gnu/libnss_files-2.15.so
7f5606d9e000-7f5606f9d000 ---p 0000c000 08:01 6822122                    /lib/x86_64-linux-gnu/libnss_files-2.15.so
7f5606f9d000-7f5606f9e000 r--p 0000b000 08:01 6822122                    /lib/x86_64-linux-gnu/libnss_files-2.15.so
7f5606f9e000-7f5606f9f000 rw-p 0000c000 08:01 6822122                    /lib/x86_64-linux-gnu/libnss_files-2.15.so
7f5606f9f000-7f5606fa9000 r-xp 00000000 08:01 6822126                    /lib/x86_64-linux-gnu/libnss_nis-2.15.so
7f5606fa9000-7f56071a9000 ---p 0000a000 08:01 6822126                    /lib/x86_64-linux-gnu/libnss_nis-2.15.so
7f56071a9000-7f56071aa000 r--p 0000a000 08:01 6822126                    /lib/x86_64-linux-gnu/libnss_nis-2.15.so
7f56071aa000-7f56071ab000 rw-p 0000b000 08:01 6822126                    /lib/x86_64-linux-gnu/libnss_nis-2.15.so
7f56071ab000-7f56071c2000 r-xp 00000000 08:01 6822138                    /lib/x86_64-linux-gnu/libnsl-2.15.so
7f56071c2000-7f56073c1000 ---p 00017000 08:01 6822138                    /lib/x86_64-linux-gnu/libnsl-2.15.so
7f56073c1000-7f56073c2000 r--p 00016000 08:01 6822138                    /lib/x86_64-linux-gnu/libnsl-2.15.so
7f56073c2000-7f56073c3000 rw-p 00017000 08:01 6822138                    /lib/x86_64-linux-gnu/libnsl-2.15.so
7f56073c3000-7f56073c5000 rw-p 00000000 00:00 0 
7f56073c5000-7f56073cd000 r-xp 00000000 08:01 6822120                    /lib/x86_64-linux-gnu/libnss_compat-2.15.so
7f56073cd000-7f56075cc000 ---p 00008000 08:01 6822120                    /lib/x86_64-linux-gnu/libnss_compat-2.15.so
7f56075cc000-7f56075cd000 r--p 00007000 08:01 6822120                    /lib/x86_64-linux-gnu/libnss_compat-2.15.so
7f56075cd000-7f56075ce000 rw-p 00008000 08:01 6822120                    /lib/x86_64-linux-gnu/libnss_compat-2.15.so
7f56075ce000-7f56075fa000 r-xp 00000000 08:01 6423723                    /usr/lib/jvm/java-6-openjdk-amd64/jre/lib/amd64/libjava.so
7f56075fa000-7f56077f9000 ---p 0002c000 08:01 6423723                    /usr/lib/jvm/java-6-openjdk-amd64/jre/lib/amd64/libjava.so
7f56077f9000-7f56077fa000 r--p 0002b000 08:01 6423723                    /usr/lib/jvm/java-6-openjdk-amd64/jre/lib/amd64/libjava.so
7f56077fa000-7f56077fd000 rw-p 0002c000 08:01 6423723                    /usr/lib/jvm/java-6-openjdk-amd64/jre/lib/amd64/libjava.so
7f56077fd000-7f560780b000 r-xp 00000000 08:01 6424030                    /usr/lib/jvm/java-6-openjdk-amd64/jre/lib/amd64/libverify.so
7f560780b000-7f5607a0a000 ---p 0000e000 08:01 6424030                    /usr/lib/jvm/java-6-openjdk-amd64/jre/lib/amd64/libverify.so
7f5607a0a000-7f5607a0c000 r--p 0000d000 08:01 6424030                    /usr/lib/jvm/java-6-openjdk-amd64/jre/lib/amd64/libverify.so
7f5607a0c000-7f5607a0d000 rw-p 0000f000 08:01 6424030                    /usr/lib/jvm/java-6-openjdk-amd64/jre/lib/amd64/libverify.so
7f5607a0d000-7f5607a14000 r-xp 00000000 08:01 6822125                    /lib/x86_64-linux-gnu/librt-2.15.so
7f5607a14000-7f5607c13000 ---p 00007000 08:01 6822125                    /lib/x86_64-linux-gnu/librt-2.15.so
7f5607c13000-7f5607c14000 r--p 00006000 08:01 6822125                    /lib/x86_64-linux-gnu/librt-2.15.so
7f5607c14000-7f5607c15000 rw-p 00007000 08:01 6822125                    /lib/x86_64-linux-gnu/librt-2.15.so
7f5607c15000-7f5607c2a000 r-xp 00000000 08:01 6819354                    /lib/x86_64-linux-gnu/libgcc_s.so.1
7f5607c2a000-7f5607e29000 ---p 00015000 08:01 6819354                    /lib/x86_64-linux-gnu/libgcc_s.so.1
7f5607e29000-7f5607e2a000 r--p 00014000 08:01 6819354                    /lib/x86_64-linux-gnu/libgcc_s.so.1
7f5607e2a000-7f5607e2b000 rw-p 00015000 08:01 6819354                    /lib/x86_64-linux-gnu/libgcc_s.so.1
7f5607e2b000-7f5607f26000 r-xp 00000000 08:01 6822129                    /lib/x86_64-linux-gnu/libm-2.15.so
7f5607f26000-7f5608125000 ---p 000fb000 08:01 6822129                    /lib/x86_64-linux-gnu/libm-2.15.so
7f5608125000-7f5608126000 r--p 000fa000 08:01 6822129                    /lib/x86_64-linux-gnu/libm-2.15.so
7f5608126000-7f5608127000 rw-p 000fb000 08:01 6822129                    /lib/x86_64-linux-gnu/libm-2.15.so
7f5608127000-7f5608209000 r-xp 00000000 08:01 6299631                    /usr/lib/x86_64-linux-gnu/libstdc++.so.6.0.16
7f5608209000-7f5608408000 ---p 000e2000 08:01 6299631                    /usr/lib/x86_64-linux-gnu/libstdc++.so.6.0.16
7f5608408000-7f5608410000 r--p 000e1000 08:01 6299631                    /usr/lib/x86_64-linux-gnu/libstdc++.so.6.0.16
7f5608410000-7f5608412000 rw-p 000e9000 08:01 6299631                    /usr/lib/x86_64-linux-gnu/libstdc++.so.6.0.16
7f5608412000-7f5608427000 rw-p 00000000 00:00 0 
7f5608427000-7f5608d27000 r-xp 00000000 08:01 6424846                    /usr/lib/jvm/java-6-openjdk-amd64/jre/lib/amd64/server/libjvm.so
7f5608d27000-7f5608f27000 ---p 00900000 08:01 6424846                    /usr/lib/jvm/java-6-openjdk-amd64/jre/lib/amd64/server/libjvm.so
7f5608f27000-7f5608fa8000 r--p 00900000 08:01 6424846                    /usr/lib/jvm/java-6-openjdk-amd64/jre/lib/amd64/server/libjvm.so
7f5608fa8000-7f5608fc3000 rw-p 00981000 08:01 6424846                    /usr/lib/jvm/java-6-openjdk-amd64/jre/lib/amd64/server/libjvm.so
7f5608fc3000-7f5608fec000 rw-p 00000000 00:00 0 
7f5608fec000-7f5609002000 r-xp 00000000 08:01 6819444                    /lib/x86_64-linux-gnu/libz.so.1.2.3.4
7f5609002000-7f5609201000 ---p 00016000 08:01 6819444                    /lib/x86_64-linux-gnu/libz.so.1.2.3.4
7f5609201000-7f5609202000 r--p 00015000 08:01 6819444                    /lib/x86_64-linux-gnu/libz.so.1.2.3.4
7f5609202000-7f5609203000 rw-p 00016000 08:01 6819444                    /lib/x86_64-linux-gnu/libz.so.1.2.3.4
7f5609203000-7f56093b8000 r-xp 00000000 08:01 6819427                    /lib/x86_64-linux-gnu/libc-2.15.so
7f56093b8000-7f56095b8000 ---p 001b5000 08:01 6819427                    /lib/x86_64-linux-gnu/libc-2.15.so
7f56095b8000-7f56095bc000 r--p 001b5000 08:01 6819427                    /lib/x86_64-linux-gnu/libc-2.15.so
7f56095bc000-7f56095be000 rw-p 001b9000 08:01 6819427                    /lib/x86_64-linux-gnu/libc-2.15.so
7f56095be000-7f56095c3000 rw-p 00000000 00:00 0 
7f56095c3000-7f56095c5000 r-xp 00000000 08:01 6822133                    /lib/x86_64-linux-gnu/libdl-2.15.so
7f56095c5000-7f56097c5000 ---p 00002000 08:01 6822133                    /lib/x86_64-linux-gnu/libdl-2.15.so
7f56097c5000-7f56097c6000 r--p 00002000 08:01 6822133                    /lib/x86_64-linux-gnu/libdl-2.15.so
7f56097c6000-7f56097c7000 rw-p 00003000 08:01 6822133                    /lib/x86_64-linux-gnu/libdl-2.15.so
7f56097c7000-7f56097cb000 r-xp 00000000 08:01 6424851                    /usr/lib/jvm/java-6-openjdk-amd64/jre/lib/amd64/jli/libjli.so
7f56097cb000-7f56099ca000 ---p 00004000 08:01 6424851                    /usr/lib/jvm/java-6-openjdk-amd64/jre/lib/amd64/jli/libjli.so
7f56099ca000-7f56099cb000 r--p 00003000 08:01 6424851                    /usr/lib/jvm/java-6-openjdk-amd64/jre/lib/amd64/jli/libjli.so
7f56099cb000-7f56099cc000 rw-p 00004000 08:01 6424851                    /usr/lib/jvm/java-6-openjdk-amd64/jre/lib/amd64/jli/libjli.so
7f56099cc000-7f56099e4000 r-xp 00000000 08:01 6822127                    /lib/x86_64-linux-gnu/libpthread-2.15.so
7f56099e4000-7f5609be3000 ---p 00018000 08:01 6822127                    /lib/x86_64-linux-gnu/libpthread-2.15.so
7f5609be3000-7f5609be4000 r--p 00017000 08:01 6822127                    /lib/x86_64-linux-gnu/libpthread-2.15.so
7f5609be4000-7f5609be5000 rw-p 00018000 08:01 6822127                    /lib/x86_64-linux-gnu/libpthread-2.15.so
7f5609be5000-7f5609be9000 rw-p 00000000 00:00 0 
7f5609be9000-7f5609c0b000 r-xp 00000000 08:01 6822130                    /lib/x86_64-linux-gnu/ld-2.15.so
7f5609c1c000-7f5609c26000 rw-p 00000000 00:00 0 
7f5609c26000-7f5609cdc000 rw-p 00000000 00:00 0 
7f5609cdc000-7f5609cdf000 ---p 00000000 00:00 0 
7f5609cdf000-7f5609de2000 rw-p 00000000 00:00 0 
7f5609dff000-7f5609e07000 rw-s 00000000 08:01 2621490                    /tmp/hsperfdata_dino/5106
7f5609e07000-7f5609e08000 rw-p 00000000 00:00 0 
7f5609e08000-7f5609e09000 ---p 00000000 00:00 0 
7f5609e09000-7f5609e0b000 rw-p 00000000 00:00 0 
7f5609e0b000-7f5609e0c000 r--p 00022000 08:01 6822130                    /lib/x86_64-linux-gnu/ld-2.15.so
7f5609e0c000-7f5609e0e000 rw-p 00023000 08:01 6822130                    /lib/x86_64-linux-gnu/ld-2.15.so
7fff99819000-7fff9983a000 rw-p 00000000 00:00 0                          [stack]
7fff9986f000-7fff99870000 r-xp 00000000 00:00 0                          [vdso]
ffffffffff600000-ffffffffff601000 r-xp 00000000 00:00 0                  [vsyscall]

VM Arguments:
jvm_args: -Xms8G -Xmx8G -XX:-UseGCOverheadLimit -Dfile.encoding=UTF-8 
java_command: graph_coloring.main.Main
Launcher Type: SUN_STANDARD

Environment Variables:
PATH=/home/dino/.rbenv/shims:/home/dino/.rbenv/bin:/usr/local/cuda/bin/:~/Script/todo:~/Script/flyup:/usr/local/sbin:/usr/local/bin:/usr/sbin:/usr/bin:/sbin:/bin:/usr/games
USERNAME=dino
LD_LIBRARY_PATH=/usr/lib/jvm/java-6-openjdk-amd64/jre/lib/amd64/server:/usr/lib/jvm/java-6-openjdk-amd64/jre/lib/amd64:/usr/lib/jvm/java-6-openjdk-amd64/jre/../lib/amd64::/usr/local/cuda/lib:/usr/local/cuda/lib64:/usr/local/cuda/libnvvp:/home/dino/Documents/efc/trunk/:/usr/local/lib/
SHELL=/bin/bash
DISPLAY=:0.0

Signal Handlers:
SIGSEGV: [libjvm.so+0x7837c0], sa_mask[0]=0x7ffbfeff, sa_flags=0x10000004
SIGBUS: [libjvm.so+0x7837c0], sa_mask[0]=0x7ffbfeff, sa_flags=0x10000004
SIGFPE: [libjvm.so+0x647740], sa_mask[0]=0x7ffbfeff, sa_flags=0x10000004
SIGPIPE: [libjvm.so+0x647740], sa_mask[0]=0x7ffbfeff, sa_flags=0x10000004
SIGXFSZ: [libjvm.so+0x647740], sa_mask[0]=0x7ffbfeff, sa_flags=0x10000004
SIGILL: [libjvm.so+0x647740], sa_mask[0]=0x7ffbfeff, sa_flags=0x10000004
SIGUSR1: SIG_DFL, sa_mask[0]=0x00000000, sa_flags=0x00000000
SIGUSR2: [libjvm.so+0x647920], sa_mask[0]=0x00000004, sa_flags=0x10000004
SIGHUP: [libjvm.so+0x64a2f0], sa_mask[0]=0x7ffbfeff, sa_flags=0x10000004
SIGINT: [libjvm.so+0x64a2f0], sa_mask[0]=0x7ffbfeff, sa_flags=0x10000004
SIGTERM: [libjvm.so+0x64a2f0], sa_mask[0]=0x7ffbfeff, sa_flags=0x10000004
SIGQUIT: [libjvm.so+0x64a2f0], sa_mask[0]=0x7ffbfeff, sa_flags=0x10000004


---------------  S Y S T E M  ---------------

OS:LinuxMint 13 (maya)
uname:Linux 3.2.0-23-generic #36-Ubuntu SMP Tue Apr 10 20:39:51 UTC 2012 x86_64
libc:glibc 2.15 NPTL 2.15 
rlimit: STACK 8192k, CORE 0k, NPROC 62587, NOFILE 4096, AS infinity
load average:1.57 1.34 1.40

/proc/meminfo:
MemTotal:        8028748 kB
MemFree:          645200 kB
Buffers:            3460 kB
Cached:           444372 kB
SwapCached:          764 kB
Active:          6308524 kB
Inactive:         841252 kB
Active(anon):    6029268 kB
Inactive(anon):   737432 kB
Active(file):     279256 kB
Inactive(file):   103820 kB
Unevictable:           0 kB
Mlocked:               0 kB
SwapTotal:        999420 kB
SwapFree:         982844 kB
Dirty:               392 kB
Writeback:             0 kB
AnonPages:       6701476 kB
Mapped:            70768 kB
Shmem:             64620 kB
Slab:              79808 kB
SReclaimable:      49660 kB
SUnreclaim:        30148 kB
KernelStack:        3664 kB
PageTables:        36696 kB
NFS_Unstable:          0 kB
Bounce:                0 kB
WritebackTmp:          0 kB
CommitLimit:     5013792 kB
Committed_AS:   11341220 kB
VmallocTotal:   34359738367 kB
VmallocUsed:      562732 kB
VmallocChunk:   34359168832 kB
HardwareCorrupted:     0 kB
AnonHugePages:         0 kB
HugePages_Total:       0
HugePages_Free:        0
HugePages_Rsvd:        0
HugePages_Surp:        0
Hugepagesize:       2048 kB
DirectMap4k:       63488 kB
DirectMap2M:     8175616 kB


CPU:total 4 (2 cores per cpu, 2 threads per core) family 6 model 42 stepping 7, cmov, cx8, fxsr, mmx, sse, sse2, sse3, ssse3, sse4.1, sse4.2, popcnt, ht

Memory: 4k page, physical 8028748k(645200k free), swap 999420k(982844k free)

vm_info: OpenJDK 64-Bit Server VM (20.0-b12) for linux-amd64 JRE (1.6.0_27-b27), built on Nov 16 2013 15:13:05 by "buildd" with gcc 4.6.3

time: Wed Mar 19 16:50:31 2014
elapsed time: 30 seconds

