#
# A fatal error has been detected by the Java Runtime Environment:
#
#  SIGSEGV (0xb) at pc=0x00007f94c1f7a492, pid=4826, tid=140276905666304
#
# JRE version: 6.0_27-b27
# Java VM: OpenJDK 64-Bit Server VM (20.0-b12 mixed mode linux-amd64 compressed oops)
# Derivative: IcedTea6 1.12.6
# Distribution: Ubuntu 12.04 LTS, package 6b27-1.12.6-1ubuntu0.12.04.4
# Problematic frame:
# V  [libjvm.so+0x711492]  symbolOopDesc::as_C_string() const+0x12
#
# If you would like to submit a bug report, please include
# instructions how to reproduce the bug and visit:
#   https://bugs.launchpad.net/ubuntu/+source/openjdk-6/
#

---------------  T H R E A D  ---------------

Current thread (0x00007f94bc008000):  JavaThread "main" [_thread_in_vm, id=4831, stack(0x00007f94c311e000,0x00007f94c321f000)]

siginfo:si_signo=SIGSEGV: si_errno=0, si_code=128 (), si_addr=0x0000000000000000

Registers:
RAX=0x0000000000000000, RBX=0x000000063bea9bd8, RCX=0x0000000000000003, RDX=0x00000000beb9c8d5
RSP=0x00007f94c321d740, RBP=0x00007f94c321d750, RSI=0x0000000000000000, RDI=0x3f74bf84ed8baa80
R8 =0x00007f94c2428a00, R9 =0x00000000000012df, R10=0x00007f94c2423d80, R11=0x0000000000000014
R12=0x00007f94bc005280, R13=0x00007f94c2002ad6, R14=0x00007f94bc008460, R15=0x00007f94bc008838
RIP=0x00007f94c1f7a492, EFLAGS=0x0000000000010202, CSGSFS=0x0000000000000033, ERR=0x0000000000000000
  TRAPNO=0x000000000000000d

Top of Stack: (sp=0x00007f94c321d740)
0x00007f94c321d740:   000000063bea9bd8 00007f94bc005280
0x00007f94c321d750:   00007f94c321d770 00007f94c1f7a68e
0x00007f94c321d760:   00007f94bc008000 000000063bea9bd8
0x00007f94c321d770:   00007f94c321d7e0 00007f94c1de88a5
0x00007f94c321d780:   00007f94c321d820 00007f94c1c284be
0x00007f94c321d790:   00007f94bc008000 00007f94bc0052b0
0x00007f94c321d7a0:   00007f94bc008840 0720c54a9b60f900
0x00007f94c321d7b0:   00007f94bc008c28 00007f94bc008000
0x00007f94c321d7c0:   00007f94bc005280 00007f94bc008450
0x00007f94c321d7d0:   00007f94bc008460 00007f94bc008838
0x00007f94c321d7e0:   00007f94c321d830 00007f94c1d0d18c
0x00007f94c321d7f0:   0000000628782c00 0000000000000048
0x00007f94c321d800:   0000000000000000 000000063bea9bc8
0x00007f94c321d810:   0000000000000000 00000005f5cd9b3a
0x00007f94c321d820:   00007f94c321d8a0 00007f94bc008000
0x00007f94c321d830:   00007f94c321d888 00007f94b8e0734d
0x00007f94c321d840:   00007f94b8e0730b 00007f94c321d848
0x00007f94c321d850:   00000005f5cd9b3a 00007f94c321d8a0
0x00007f94c321d860:   00000005f5ce2d40 00000005f5d43f48
0x00007f94c321d870:   00000005f5cd9b60 0000000000000000
0x00007f94c321d880:   00007f94c321d898 00007f94c321d8e8
0x00007f94c321d890:   00007f94b8dfd9b3 0000000000000000
0x00007f94c321d8a0:   0000000000000000 00007f94c321d8a8
0x00007f94c321d8b0:   00000005f5d35f4a 00007f94c321d950
0x00007f94c321d8c0:   00000005f5d36d58 00000005f5d43808
0x00007f94c321d8d0:   00000005f5d360b0 00007f94c321d898
0x00007f94c321d8e0:   00007f94c321d940 00007f94c321d998
0x00007f94c321d8f0:   00007f94b8dfd9b3 0000000000000000
0x00007f94c321d900:   0000000000000000 0000000000000000
0x00007f94c321d910:   0000000000000000 0000000000000000
0x00007f94c321d920:   0000000000000000 deaddeaf004fa0bb
0x00007f94c321d930:   0000000655e634c0 0000000655e634d0 

Instructions: (pc=0x00007f94c1f7a492)
0x00007f94c1f7a472:   e9 48 63 d2 c6 04 10 00 5d c3 31 f6 eb d1 55 31
0x00007f94c1f7a482:   f6 48 89 e5 48 89 5d f0 4c 89 65 f8 48 83 ec 10
0x00007f94c1f7a492:   44 0f b7 67 10 48 89 fb 41 83 c4 01 49 63 fc e8
0x00007f94c1f7a4a2:   6a 4f fa ff 44 89 e2 48 89 df 4c 8b 65 f8 48 8b 

Register to memory mapping:

RAX=0x0000000000000000 is an unknown value
RBX=0x000000063bea9bd8 is an oop
graph_coloring.structure.weight_graph.WeightBridge 
 - klass: 'graph_coloring/structure/weight_graph/WeightBridge'
RCX=0x0000000000000003 is an unknown value
RDX=0x00000000beb9c8d5 is an unknown value
RSP=0x00007f94c321d740 is pointing into the stack for thread: 0x00007f94bc008000
RBP=0x00007f94c321d750 is pointing into the stack for thread: 0x00007f94bc008000
RSI=0x0000000000000000 is an unknown value
RDI=0x3f74bf84ed8baa80 is an unknown value
R8 =0x00007f94c2428a00: <offset 0xbbfa00> in /usr/lib/jvm/java-6-openjdk-amd64/jre/lib/amd64/server/libjvm.so at 0x00007f94c1869000
R9 =0x00000000000012df is an unknown value
R10=0x00007f94c2423d80: <offset 0xbbad80> in /usr/lib/jvm/java-6-openjdk-amd64/jre/lib/amd64/server/libjvm.so at 0x00007f94c1869000
R11=0x0000000000000014 is an unknown value
R12=0x00007f94bc005280 is an unknown value
R13=0x00007f94c2002ad6: <offset 0x799ad6> in /usr/lib/jvm/java-6-openjdk-amd64/jre/lib/amd64/server/libjvm.so at 0x00007f94c1869000
R14=0x00007f94bc008460 is an unknown value
R15=0x00007f94bc008838 is an unknown value


Stack: [0x00007f94c311e000,0x00007f94c321f000],  sp=0x00007f94c321d740,  free space=1021k
Native frames: (J=compiled Java code, j=interpreted, Vv=VM code, C=native code)
V  [libjvm.so+0x711492]  symbolOopDesc::as_C_string() const+0x12
V  [libjvm.so+0x71168e]  symbolOopDesc::as_klass_external_name() const+0xe
V  [libjvm.so+0x57f8a5]  Klass::external_name() const+0x155
V  [libjvm.so+0x4a418c]  InterpreterRuntime::throw_ClassCastException(JavaThread*, oopDesc*)+0x5c
j  graph_coloring.structure.Graph.getBridge(I)Lgraph_coloring/common/OrderPair;+10
j  graph_coloring.stat.MakeSubGraph.createEricssonSubGraphBFS(Lgraph_coloring/structure/weight_graph/ericsson_graph/EricssonGraph;II)Lgraph_coloring/structure/weight_graph/ericsson_graph/EricssonGraph;+210
j  graph_coloring.main.Main.main([Ljava/lang/String;)V+66
v  ~StubRoutines::call_stub
V  [libjvm.so+0x4aeabf]  JavaCalls::call_helper(JavaValue*, methodHandle*, JavaCallArguments*, Thread*)+0x29f
V  [libjvm.so+0x4adef5]  JavaCalls::call(JavaValue*, methodHandle, JavaCallArguments*, Thread*)+0x25
V  [libjvm.so+0x4b8e93]  jni_invoke_static(JNIEnv_*, JavaValue*, _jobject*, JNICallType, _jmethodID*, JNI_ArgumentPusher*, Thread*) [clone .isra.128] [clone .constprop.144]+0x1c3
V  [libjvm.so+0x4c2a03]  jni_CallStaticVoidMethod+0x163
C  [java+0x3f23]  JavaMain+0xdf3

Java frames: (J=compiled Java code, j=interpreted, Vv=VM code)
j  graph_coloring.structure.Graph.getBridge(I)Lgraph_coloring/common/OrderPair;+10
j  graph_coloring.stat.MakeSubGraph.createEricssonSubGraphBFS(Lgraph_coloring/structure/weight_graph/ericsson_graph/EricssonGraph;II)Lgraph_coloring/structure/weight_graph/ericsson_graph/EricssonGraph;+210
j  graph_coloring.main.Main.main([Ljava/lang/String;)V+66
v  ~StubRoutines::call_stub

---------------  P R O C E S S  ---------------

Java Threads: ( => current thread )
  0x00007f94bc09f800 JavaThread "Low Memory Detector" daemon [_thread_blocked, id=4842, stack(0x00007f94b5b73000,0x00007f94b5c74000)]
  0x00007f94bc09d800 JavaThread "C2 CompilerThread1" daemon [_thread_blocked, id=4841, stack(0x00007f94b5c74000,0x00007f94b5d75000)]
  0x00007f94bc09a800 JavaThread "C2 CompilerThread0" daemon [_thread_blocked, id=4840, stack(0x00007f94b5d75000,0x00007f94b5e76000)]
  0x00007f94bc099000 JavaThread "Signal Dispatcher" daemon [_thread_blocked, id=4839, stack(0x00007f94b5e76000,0x00007f94b5f77000)]
  0x00007f94bc078000 JavaThread "Finalizer" daemon [_thread_blocked, id=4838, stack(0x00007f94b665a000,0x00007f94b675b000)]
  0x00007f94bc076000 JavaThread "Reference Handler" daemon [_thread_blocked, id=4837, stack(0x00007f94b675b000,0x00007f94b685c000)]
=>0x00007f94bc008000 JavaThread "main" [_thread_in_vm, id=4831, stack(0x00007f94c311e000,0x00007f94c321f000)]

Other Threads:
  0x00007f94bc071800 VMThread [stack: 0x00007f94b685c000,0x00007f94b695d000] [id=4836]
  0x00007f94bc0a2800 WatcherThread [stack: 0x00007f94b5a72000,0x00007f94b5b73000] [id=4843]

VM state:not at safepoint (normal execution)

VM Mutex/Monitor currently owned by a thread: None

Heap
 PSYoungGen      total 2446656K, used 682701K [0x0000000755560000, 0x0000000800000000, 0x0000000800000000)
  eden space 2097152K, 15% used [0x0000000755560000,0x0000000769ac37d8,0x00000007d5560000)
  from space 349504K, 100% used [0x00000007d5560000,0x00000007eaab0000,0x00000007eaab0000)
  to   space 349504K, 0% used [0x00000007eaab0000,0x00000007eaab0000,0x0000000800000000)
 PSOldGen        total 5592448K, used 1979205K [0x0000000600000000, 0x0000000755560000, 0x0000000755560000)
  object space 5592448K, 35% used [0x0000000600000000,0x0000000678cd1418,0x0000000755560000)
 PSPermGen       total 21248K, used 3344K [0x00000005f5a00000, 0x00000005f6ec0000, 0x0000000600000000)
  object space 21248K, 15% used [0x00000005f5a00000,0x00000005f5d44218,0x00000005f6ec0000)

Code Cache  [0x00007f94b8df8000, 0x00007f94b9068000, 0x00007f94bbdf8000)
 total_blobs=329 nmethods=157 adapters=126 free_code_cache=49585984 largest_free_block=8960

Dynamic libraries:
00400000-00409000 r-xp 00000000 08:01 6424865                            /usr/lib/jvm/java-6-openjdk-amd64/jre/bin/java
00608000-00609000 r--p 00008000 08:01 6424865                            /usr/lib/jvm/java-6-openjdk-amd64/jre/bin/java
00609000-0060a000 rw-p 00009000 08:01 6424865                            /usr/lib/jvm/java-6-openjdk-amd64/jre/bin/java
01eb1000-01ed2000 rw-p 00000000 00:00 0                                  [heap]
5f5a00000-5f6ec0000 rw-p 00000000 00:00 0 
5f6ec0000-600000000 rw-p 00000000 00:00 0 
600000000-800000000 rw-p 00000000 00:00 0 
7f9478000000-7f9478021000 rw-p 00000000 00:00 0 
7f9478021000-7f947c000000 ---p 00000000 00:00 0 
7f9480000000-7f94808fa000 rw-p 00000000 00:00 0 
7f94808fa000-7f9484000000 ---p 00000000 00:00 0 
7f9484000000-7f9484021000 rw-p 00000000 00:00 0 
7f9484021000-7f9488000000 ---p 00000000 00:00 0 
7f9488000000-7f9488021000 rw-p 00000000 00:00 0 
7f9488021000-7f948c000000 ---p 00000000 00:00 0 
7f948c000000-7f948c8b2000 rw-p 00000000 00:00 0 
7f948c8b2000-7f9490000000 ---p 00000000 00:00 0 
7f9490000000-7f9490021000 rw-p 00000000 00:00 0 
7f9490021000-7f9494000000 ---p 00000000 00:00 0 
7f9494000000-7f9494021000 rw-p 00000000 00:00 0 
7f9494021000-7f9498000000 ---p 00000000 00:00 0 
7f9498000000-7f9498540000 rw-p 00000000 00:00 0 
7f9498540000-7f949c000000 ---p 00000000 00:00 0 
7f949c000000-7f949c021000 rw-p 00000000 00:00 0 
7f949c021000-7f94a0000000 ---p 00000000 00:00 0 
7f94a0000000-7f94a0021000 rw-p 00000000 00:00 0 
7f94a0021000-7f94a4000000 ---p 00000000 00:00 0 
7f94a8000000-7f94a81d9000 rw-p 00000000 00:00 0 
7f94a81d9000-7f94ac000000 ---p 00000000 00:00 0 
7f94b0000000-7f94b023b000 rw-p 00000000 00:00 0 
7f94b023b000-7f94b4000000 ---p 00000000 00:00 0 
7f94b5a72000-7f94b5a73000 ---p 00000000 00:00 0 
7f94b5a73000-7f94b5b73000 rw-p 00000000 00:00 0 
7f94b5b73000-7f94b5b76000 ---p 00000000 00:00 0 
7f94b5b76000-7f94b5c74000 rw-p 00000000 00:00 0 
7f94b5c74000-7f94b5c77000 ---p 00000000 00:00 0 
7f94b5c77000-7f94b5d75000 rw-p 00000000 00:00 0 
7f94b5d75000-7f94b5d78000 ---p 00000000 00:00 0 
7f94b5d78000-7f94b5e76000 rw-p 00000000 00:00 0 
7f94b5e76000-7f94b5e79000 ---p 00000000 00:00 0 
7f94b5e79000-7f94b5f77000 rw-p 00000000 00:00 0 
7f94b5f77000-7f94b665a000 r--p 00000000 08:01 6298245                    /usr/lib/locale/locale-archive
7f94b665a000-7f94b665d000 ---p 00000000 00:00 0 
7f94b665d000-7f94b675b000 rw-p 00000000 00:00 0 
7f94b675b000-7f94b675e000 ---p 00000000 00:00 0 
7f94b675e000-7f94b685c000 rw-p 00000000 00:00 0 
7f94b685c000-7f94b685d000 ---p 00000000 00:00 0 
7f94b685d000-7f94b6e62000 rw-p 00000000 00:00 0 
7f94b6e62000-7f94b6ff6000 r--s 03822000 08:01 6424859                    /usr/lib/jvm/java-6-openjdk-amd64/jre/lib/rt.jar
7f94b6ff6000-7f94b6ff7000 ---p 00000000 00:00 0 
7f94b6ff7000-7f94b70f7000 rw-p 00000000 00:00 0 
7f94b70f7000-7f94b70f8000 ---p 00000000 00:00 0 
7f94b70f8000-7f94b71f8000 rw-p 00000000 00:00 0 
7f94b71f8000-7f94b71f9000 ---p 00000000 00:00 0 
7f94b71f9000-7f94b7daf000 rw-p 00000000 00:00 0 
7f94b7daf000-7f94b7df7000 rw-p 00000000 00:00 0 
7f94b7df7000-7f94b8df8000 rw-p 00000000 00:00 0 
7f94b8df8000-7f94b9068000 rwxp 00000000 00:00 0 
7f94b9068000-7f94bbdf8000 rw-p 00000000 00:00 0 
7f94bbdf8000-7f94bbdff000 r-xp 00000000 08:01 6423950                    /usr/lib/jvm/java-6-openjdk-amd64/jre/lib/amd64/libzip.so
7f94bbdff000-7f94bbffe000 ---p 00007000 08:01 6423950                    /usr/lib/jvm/java-6-openjdk-amd64/jre/lib/amd64/libzip.so
7f94bbffe000-7f94bbfff000 r--p 00006000 08:01 6423950                    /usr/lib/jvm/java-6-openjdk-amd64/jre/lib/amd64/libzip.so
7f94bbfff000-7f94bc000000 rw-p 00007000 08:01 6423950                    /usr/lib/jvm/java-6-openjdk-amd64/jre/lib/amd64/libzip.so
7f94bc000000-7f94bc0e7000 rw-p 00000000 00:00 0 
7f94bc0e7000-7f94c0000000 ---p 00000000 00:00 0 
7f94c0025000-7f94c0080000 rw-p 00000000 00:00 0 
7f94c0080000-7f94c0081000 ---p 00000000 00:00 0 
7f94c0081000-7f94c018c000 rw-p 00000000 00:00 0 
7f94c018c000-7f94c01d4000 rw-p 00000000 00:00 0 
7f94c01d4000-7f94c01e0000 r-xp 00000000 08:01 6822122                    /lib/x86_64-linux-gnu/libnss_files-2.15.so
7f94c01e0000-7f94c03df000 ---p 0000c000 08:01 6822122                    /lib/x86_64-linux-gnu/libnss_files-2.15.so
7f94c03df000-7f94c03e0000 r--p 0000b000 08:01 6822122                    /lib/x86_64-linux-gnu/libnss_files-2.15.so
7f94c03e0000-7f94c03e1000 rw-p 0000c000 08:01 6822122                    /lib/x86_64-linux-gnu/libnss_files-2.15.so
7f94c03e1000-7f94c03eb000 r-xp 00000000 08:01 6822126                    /lib/x86_64-linux-gnu/libnss_nis-2.15.so
7f94c03eb000-7f94c05eb000 ---p 0000a000 08:01 6822126                    /lib/x86_64-linux-gnu/libnss_nis-2.15.so
7f94c05eb000-7f94c05ec000 r--p 0000a000 08:01 6822126                    /lib/x86_64-linux-gnu/libnss_nis-2.15.so
7f94c05ec000-7f94c05ed000 rw-p 0000b000 08:01 6822126                    /lib/x86_64-linux-gnu/libnss_nis-2.15.so
7f94c05ed000-7f94c0604000 r-xp 00000000 08:01 6822138                    /lib/x86_64-linux-gnu/libnsl-2.15.so
7f94c0604000-7f94c0803000 ---p 00017000 08:01 6822138                    /lib/x86_64-linux-gnu/libnsl-2.15.so
7f94c0803000-7f94c0804000 r--p 00016000 08:01 6822138                    /lib/x86_64-linux-gnu/libnsl-2.15.so
7f94c0804000-7f94c0805000 rw-p 00017000 08:01 6822138                    /lib/x86_64-linux-gnu/libnsl-2.15.so
7f94c0805000-7f94c0807000 rw-p 00000000 00:00 0 
7f94c0807000-7f94c080f000 r-xp 00000000 08:01 6822120                    /lib/x86_64-linux-gnu/libnss_compat-2.15.so
7f94c080f000-7f94c0a0e000 ---p 00008000 08:01 6822120                    /lib/x86_64-linux-gnu/libnss_compat-2.15.so
7f94c0a0e000-7f94c0a0f000 r--p 00007000 08:01 6822120                    /lib/x86_64-linux-gnu/libnss_compat-2.15.so
7f94c0a0f000-7f94c0a10000 rw-p 00008000 08:01 6822120                    /lib/x86_64-linux-gnu/libnss_compat-2.15.so
7f94c0a10000-7f94c0a3c000 r-xp 00000000 08:01 6423723                    /usr/lib/jvm/java-6-openjdk-amd64/jre/lib/amd64/libjava.so
7f94c0a3c000-7f94c0c3b000 ---p 0002c000 08:01 6423723                    /usr/lib/jvm/java-6-openjdk-amd64/jre/lib/amd64/libjava.so
7f94c0c3b000-7f94c0c3c000 r--p 0002b000 08:01 6423723                    /usr/lib/jvm/java-6-openjdk-amd64/jre/lib/amd64/libjava.so
7f94c0c3c000-7f94c0c3f000 rw-p 0002c000 08:01 6423723                    /usr/lib/jvm/java-6-openjdk-amd64/jre/lib/amd64/libjava.so
7f94c0c3f000-7f94c0c4d000 r-xp 00000000 08:01 6424030                    /usr/lib/jvm/java-6-openjdk-amd64/jre/lib/amd64/libverify.so
7f94c0c4d000-7f94c0e4c000 ---p 0000e000 08:01 6424030                    /usr/lib/jvm/java-6-openjdk-amd64/jre/lib/amd64/libverify.so
7f94c0e4c000-7f94c0e4e000 r--p 0000d000 08:01 6424030                    /usr/lib/jvm/java-6-openjdk-amd64/jre/lib/amd64/libverify.so
7f94c0e4e000-7f94c0e4f000 rw-p 0000f000 08:01 6424030                    /usr/lib/jvm/java-6-openjdk-amd64/jre/lib/amd64/libverify.so
7f94c0e4f000-7f94c0e56000 r-xp 00000000 08:01 6822125                    /lib/x86_64-linux-gnu/librt-2.15.so
7f94c0e56000-7f94c1055000 ---p 00007000 08:01 6822125                    /lib/x86_64-linux-gnu/librt-2.15.so
7f94c1055000-7f94c1056000 r--p 00006000 08:01 6822125                    /lib/x86_64-linux-gnu/librt-2.15.so
7f94c1056000-7f94c1057000 rw-p 00007000 08:01 6822125                    /lib/x86_64-linux-gnu/librt-2.15.so
7f94c1057000-7f94c106c000 r-xp 00000000 08:01 6819354                    /lib/x86_64-linux-gnu/libgcc_s.so.1
7f94c106c000-7f94c126b000 ---p 00015000 08:01 6819354                    /lib/x86_64-linux-gnu/libgcc_s.so.1
7f94c126b000-7f94c126c000 r--p 00014000 08:01 6819354                    /lib/x86_64-linux-gnu/libgcc_s.so.1
7f94c126c000-7f94c126d000 rw-p 00015000 08:01 6819354                    /lib/x86_64-linux-gnu/libgcc_s.so.1
7f94c126d000-7f94c1368000 r-xp 00000000 08:01 6822129                    /lib/x86_64-linux-gnu/libm-2.15.so
7f94c1368000-7f94c1567000 ---p 000fb000 08:01 6822129                    /lib/x86_64-linux-gnu/libm-2.15.so
7f94c1567000-7f94c1568000 r--p 000fa000 08:01 6822129                    /lib/x86_64-linux-gnu/libm-2.15.so
7f94c1568000-7f94c1569000 rw-p 000fb000 08:01 6822129                    /lib/x86_64-linux-gnu/libm-2.15.so
7f94c1569000-7f94c164b000 r-xp 00000000 08:01 6299631                    /usr/lib/x86_64-linux-gnu/libstdc++.so.6.0.16
7f94c164b000-7f94c184a000 ---p 000e2000 08:01 6299631                    /usr/lib/x86_64-linux-gnu/libstdc++.so.6.0.16
7f94c184a000-7f94c1852000 r--p 000e1000 08:01 6299631                    /usr/lib/x86_64-linux-gnu/libstdc++.so.6.0.16
7f94c1852000-7f94c1854000 rw-p 000e9000 08:01 6299631                    /usr/lib/x86_64-linux-gnu/libstdc++.so.6.0.16
7f94c1854000-7f94c1869000 rw-p 00000000 00:00 0 
7f94c1869000-7f94c2169000 r-xp 00000000 08:01 6424846                    /usr/lib/jvm/java-6-openjdk-amd64/jre/lib/amd64/server/libjvm.so
7f94c2169000-7f94c2369000 ---p 00900000 08:01 6424846                    /usr/lib/jvm/java-6-openjdk-amd64/jre/lib/amd64/server/libjvm.so
7f94c2369000-7f94c23ea000 r--p 00900000 08:01 6424846                    /usr/lib/jvm/java-6-openjdk-amd64/jre/lib/amd64/server/libjvm.so
7f94c23ea000-7f94c2405000 rw-p 00981000 08:01 6424846                    /usr/lib/jvm/java-6-openjdk-amd64/jre/lib/amd64/server/libjvm.so
7f94c2405000-7f94c242e000 rw-p 00000000 00:00 0 
7f94c242e000-7f94c2444000 r-xp 00000000 08:01 6819444                    /lib/x86_64-linux-gnu/libz.so.1.2.3.4
7f94c2444000-7f94c2643000 ---p 00016000 08:01 6819444                    /lib/x86_64-linux-gnu/libz.so.1.2.3.4
7f94c2643000-7f94c2644000 r--p 00015000 08:01 6819444                    /lib/x86_64-linux-gnu/libz.so.1.2.3.4
7f94c2644000-7f94c2645000 rw-p 00016000 08:01 6819444                    /lib/x86_64-linux-gnu/libz.so.1.2.3.4
7f94c2645000-7f94c27fa000 r-xp 00000000 08:01 6819427                    /lib/x86_64-linux-gnu/libc-2.15.so
7f94c27fa000-7f94c29fa000 ---p 001b5000 08:01 6819427                    /lib/x86_64-linux-gnu/libc-2.15.so
7f94c29fa000-7f94c29fe000 r--p 001b5000 08:01 6819427                    /lib/x86_64-linux-gnu/libc-2.15.so
7f94c29fe000-7f94c2a00000 rw-p 001b9000 08:01 6819427                    /lib/x86_64-linux-gnu/libc-2.15.so
7f94c2a00000-7f94c2a05000 rw-p 00000000 00:00 0 
7f94c2a05000-7f94c2a07000 r-xp 00000000 08:01 6822133                    /lib/x86_64-linux-gnu/libdl-2.15.so
7f94c2a07000-7f94c2c07000 ---p 00002000 08:01 6822133                    /lib/x86_64-linux-gnu/libdl-2.15.so
7f94c2c07000-7f94c2c08000 r--p 00002000 08:01 6822133                    /lib/x86_64-linux-gnu/libdl-2.15.so
7f94c2c08000-7f94c2c09000 rw-p 00003000 08:01 6822133                    /lib/x86_64-linux-gnu/libdl-2.15.so
7f94c2c09000-7f94c2c0d000 r-xp 00000000 08:01 6424851                    /usr/lib/jvm/java-6-openjdk-amd64/jre/lib/amd64/jli/libjli.so
7f94c2c0d000-7f94c2e0c000 ---p 00004000 08:01 6424851                    /usr/lib/jvm/java-6-openjdk-amd64/jre/lib/amd64/jli/libjli.so
7f94c2e0c000-7f94c2e0d000 r--p 00003000 08:01 6424851                    /usr/lib/jvm/java-6-openjdk-amd64/jre/lib/amd64/jli/libjli.so
7f94c2e0d000-7f94c2e0e000 rw-p 00004000 08:01 6424851                    /usr/lib/jvm/java-6-openjdk-amd64/jre/lib/amd64/jli/libjli.so
7f94c2e0e000-7f94c2e26000 r-xp 00000000 08:01 6822127                    /lib/x86_64-linux-gnu/libpthread-2.15.so
7f94c2e26000-7f94c3025000 ---p 00018000 08:01 6822127                    /lib/x86_64-linux-gnu/libpthread-2.15.so
7f94c3025000-7f94c3026000 r--p 00017000 08:01 6822127                    /lib/x86_64-linux-gnu/libpthread-2.15.so
7f94c3026000-7f94c3027000 rw-p 00018000 08:01 6822127                    /lib/x86_64-linux-gnu/libpthread-2.15.so
7f94c3027000-7f94c302b000 rw-p 00000000 00:00 0 
7f94c302b000-7f94c304d000 r-xp 00000000 08:01 6822130                    /lib/x86_64-linux-gnu/ld-2.15.so
7f94c305e000-7f94c3068000 rw-p 00000000 00:00 0 
7f94c3068000-7f94c311e000 rw-p 00000000 00:00 0 
7f94c311e000-7f94c3121000 ---p 00000000 00:00 0 
7f94c3121000-7f94c3224000 rw-p 00000000 00:00 0 
7f94c3232000-7f94c3234000 r--s 00001000 08:01 6424049                    /usr/lib/jvm/java-6-openjdk-common/jre/lib/ext/dnsns.jar
7f94c3234000-7f94c3237000 r--s 00077000 08:01 6424021                    /usr/lib/jvm/java-6-openjdk-common/jre/lib/ext/localedata.jar
7f94c3237000-7f94c323a000 r--s 00031000 08:01 6424050                    /usr/lib/jvm/java-6-openjdk-common/jre/lib/ext/sunjce_provider.jar
7f94c323a000-7f94c323e000 r--s 00039000 08:01 6423924                    /usr/lib/jvm/java-6-openjdk-common/jre/lib/ext/sunpkcs11.jar
7f94c323e000-7f94c323f000 r--s 00007000 08:01 6689659                    /usr/share/java/java-atk-wrapper.jar
7f94c323f000-7f94c3241000 r--s 0000f000 08:01 6423947                    /usr/lib/jvm/java-6-openjdk-common/jre/lib/ext/pulse-java.jar
7f94c3241000-7f94c3249000 rw-s 00000000 08:01 2621490                    /tmp/hsperfdata_dino/4826
7f94c3249000-7f94c324a000 rw-p 00000000 00:00 0 
7f94c324a000-7f94c324b000 r--p 00000000 00:00 0 
7f94c324b000-7f94c324d000 rw-p 00000000 00:00 0 
7f94c324d000-7f94c324e000 r--p 00022000 08:01 6822130                    /lib/x86_64-linux-gnu/ld-2.15.so
7f94c324e000-7f94c3250000 rw-p 00023000 08:01 6822130                    /lib/x86_64-linux-gnu/ld-2.15.so
7fff90255000-7fff90276000 rw-p 00000000 00:00 0                          [stack]
7fff903ff000-7fff90400000 r-xp 00000000 00:00 0                          [vdso]
ffffffffff600000-ffffffffff601000 r-xp 00000000 00:00 0                  [vsyscall]

VM Arguments:
jvm_args: -Xms8G -Xmx8G -XX:-UseGCOverheadLimit -Dfile.encoding=UTF-8 
java_command: graph_coloring.main.Main
Launcher Type: SUN_STANDARD

Environment Variables:
PATH=/home/dino/.rbenv/shims:/home/dino/.rbenv/bin:/usr/local/cuda/bin/:~/Script/todo:~/Script/flyup:/usr/local/sbin:/usr/local/bin:/usr/sbin:/usr/bin:/sbin:/bin:/usr/games
USERNAME=dino
LD_LIBRARY_PATH=/usr/lib/jvm/java-6-openjdk-amd64/jre/lib/amd64/server:/usr/lib/jvm/java-6-openjdk-amd64/jre/lib/amd64:/usr/lib/jvm/java-6-openjdk-amd64/jre/../lib/amd64::/usr/local/cuda/lib:/usr/local/cuda/lib64:/usr/local/cuda/libnvvp:/home/dino/Documents/efc/trunk/:/usr/local/lib/
SHELL=/bin/bash
DISPLAY=:0.0

Signal Handlers:
SIGSEGV: [libjvm.so+0x7837c0], sa_mask[0]=0x7ffbfeff, sa_flags=0x10000004
SIGBUS: [libjvm.so+0x7837c0], sa_mask[0]=0x7ffbfeff, sa_flags=0x10000004
SIGFPE: [libjvm.so+0x647740], sa_mask[0]=0x7ffbfeff, sa_flags=0x10000004
SIGPIPE: [libjvm.so+0x647740], sa_mask[0]=0x7ffbfeff, sa_flags=0x10000004
SIGXFSZ: [libjvm.so+0x647740], sa_mask[0]=0x7ffbfeff, sa_flags=0x10000004
SIGILL: [libjvm.so+0x647740], sa_mask[0]=0x7ffbfeff, sa_flags=0x10000004
SIGUSR1: SIG_DFL, sa_mask[0]=0x00000000, sa_flags=0x00000000
SIGUSR2: [libjvm.so+0x647920], sa_mask[0]=0x00000004, sa_flags=0x10000004
SIGHUP: [libjvm.so+0x64a2f0], sa_mask[0]=0x7ffbfeff, sa_flags=0x10000004
SIGINT: [libjvm.so+0x64a2f0], sa_mask[0]=0x7ffbfeff, sa_flags=0x10000004
SIGTERM: [libjvm.so+0x64a2f0], sa_mask[0]=0x7ffbfeff, sa_flags=0x10000004
SIGQUIT: [libjvm.so+0x64a2f0], sa_mask[0]=0x7ffbfeff, sa_flags=0x10000004


---------------  S Y S T E M  ---------------

OS:LinuxMint 13 (maya)
uname:Linux 3.2.0-23-generic #36-Ubuntu SMP Tue Apr 10 20:39:51 UTC 2012 x86_64
libc:glibc 2.15 NPTL 2.15 
rlimit: STACK 8192k, CORE 0k, NPROC 62587, NOFILE 4096, AS infinity
load average:1.06 1.25 1.46

/proc/meminfo:
MemTotal:        8028748 kB
MemFree:         1445856 kB
Buffers:            8020 kB
Cached:           460160 kB
SwapCached:        24580 kB
Active:          5570944 kB
Inactive:         779608 kB
Active(anon):    5263136 kB
Inactive(anon):   663424 kB
Active(file):     307808 kB
Inactive(file):   116184 kB
Unevictable:           0 kB
Mlocked:               0 kB
SwapTotal:        999420 kB
SwapFree:         775428 kB
Dirty:               400 kB
Writeback:             0 kB
AnonPages:       5861664 kB
Mapped:            75152 kB
Shmem:             44280 kB
Slab:              80404 kB
SReclaimable:      50316 kB
SUnreclaim:        30088 kB
KernelStack:        3648 kB
PageTables:        35172 kB
NFS_Unstable:          0 kB
Bounce:                0 kB
WritebackTmp:          0 kB
CommitLimit:     5013792 kB
Committed_AS:   11337868 kB
VmallocTotal:   34359738367 kB
VmallocUsed:      562720 kB
VmallocChunk:   34359148644 kB
HardwareCorrupted:     0 kB
AnonHugePages:         0 kB
HugePages_Total:       0
HugePages_Free:        0
HugePages_Rsvd:        0
HugePages_Surp:        0
Hugepagesize:       2048 kB
DirectMap4k:       63488 kB
DirectMap2M:     8175616 kB


CPU:total 4 (2 cores per cpu, 2 threads per core) family 6 model 42 stepping 7, cmov, cx8, fxsr, mmx, sse, sse2, sse3, ssse3, sse4.1, sse4.2, popcnt, ht

Memory: 4k page, physical 8028748k(1445856k free), swap 999420k(775428k free)

vm_info: OpenJDK 64-Bit Server VM (20.0-b12) for linux-amd64 JRE (1.6.0_27-b27), built on Nov 16 2013 15:13:05 by "buildd" with gcc 4.6.3

time: Wed Mar 19 16:38:12 2014
elapsed time: 18 seconds

