#
# A fatal error has been detected by the Java Runtime Environment:
#
#  SIGSEGV (0xb) at pc=0x00007f629232ae69, pid=5699, tid=140061303240448
#
# JRE version: 6.0_27-b27
# Java VM: OpenJDK 64-Bit Server VM (20.0-b12 mixed mode linux-amd64 compressed oops)
# Derivative: IcedTea6 1.12.6
# Distribution: Ubuntu 12.04 LTS, package 6b27-1.12.6-1ubuntu0.12.04.4
# Problematic frame:
# V  [libjvm.so+0x69ae69]  PSPromotionManager::drain_stacks_depth(bool)+0x119
#
# If you would like to submit a bug report, please include
# instructions how to reproduce the bug and visit:
#   https://bugs.launchpad.net/ubuntu/+source/openjdk-6/
#

---------------  T H R E A D  ---------------

Current thread (0x00007f628c012800):  GCTaskThread [stack: 0x00007f629029f000,0x00007f62903a0000] [id=5705]

siginfo:si_signo=SIGSEGV: si_errno=0, si_code=1 (SEGV_MAPERR), si_addr=0x00001007f9e351a0

Registers:
RAX=0x00007f6268027430, RBX=0x00007f628c06f3e0, RCX=0x0000000000000003, RDX=0x00000000000000cb
RSP=0x00007f629039eae0, RBP=0x00007f629039eb60, RSI=0x0000000631cac19d, RDI=0x0000000000000000
R8 =0x0000000755560000, R9 =0x0000000000000001, R10=0x0000000000002000, R11=0x00007f6292befc10
R12=0x00001007f9e351a0, R13=0x00007f629281f850, R14=0x0000000000000000, R15=0x00007f628c06f460
RIP=0x00007f629232ae69, EFLAGS=0x0000000000010206, CSGSFS=0x0000000000000033, ERR=0x0000000000000004
  TRAPNO=0x000000000000000e

Top of Stack: (sp=0x00007f629039eae0)
0x00007f629039eae0:   00000007ea9e86b8 00007f628c06f450
0x00007f629039eaf0:   000000061914e000 0000000000000400
0x00007f629039eb00:   00007f629039eb60 00000005f5be67c8
0x00007f629039eb10:   00007f629039eb60 00007f6292111982
0x00007f629039eb20:   00007f628c013e28 000000060003fa28
0x00007f629039eb30:   00007f629039ebc0 00007f628c00e010
0x00007f629039eb40:   00007f6287fff201 00007f6287fff201
0x00007f629039eb50:   00007f628c00dd50 0000000600040000
0x00007f629039eb60:   00007f629039ec10 00007f6291f9e716
0x00007f629039eb70:   00007f625c61f4f0 0000000000000000
0x00007f629039eb80:   0000000000000180 00007f628c00e010
0x00007f629039eb90:   0000000600040000 0000000619152000
0x00007f629039eba0:   00007f6287fff000 0000000600040000
0x00007f629039ebb0:   00007f62880c7a90 00007f628c06f3e0
0x00007f629039ebc0:   00007f6287fff180 00007f6287fff201
0x00007f629039ebd0:   00007f6287fff201 00007f6292833faa
0x00007f629039ebe0:   00007f628c012580 00007f628c06f3e0
0x00007f629039ebf0:   00007f628c01c670 00007f6292833dce
0x00007f629039ec00:   0000000000000000 00007f6292467fa5
0x00007f629039ec10:   00007f629039ec30 00007f629232da17
0x00007f629039ec20:   00007f628c012800 00007f628c01c670
0x00007f629039ec30:   00007f629039ed00 00007f62920c6787
0x00007f629039ec40:   00007f628c0134e8 00007f628c013110
0x00007f629039ec50:   00007f628c013100 00007f628c0130d0
0x00007f629039ec60:   00007f628c012800 00007f628c0134f0
0x00007f629039ec70:   00007f628c013520 00007f628c013530
0x00007f629039ec80:   00007f628c013908 00007f628c013910
0x00007f629039ec90:   00007f628c012800 00007f628c0134f0
0x00007f629039eca0:   00007f628c013520 00007f628c013530
0x00007f629039ecb0:   00007f628c013908 00007f629039ec60
0x00007f629039ecc0:   0000000000000000 00007f628c014270
0x00007f629039ecd0:   00007f628c014190 00007f628c014270 

Instructions: (pc=0x00007f629232ae69)
0x00007f629232ae49:   d0 41 f6 c4 02 0f 85 9c 00 00 00 41 f6 c4 01 0f
0x00007f629232ae59:   84 32 ff ff ff 4c 8b 2d 03 d9 4d 00 49 83 e4 fe
0x00007f629232ae69:   41 8b 34 24 41 8b 4d 08 49 8b 7d 00 48 d3 e6 48
0x00007f629232ae79:   01 fe 48 8b 06 83 e0 03 48 83 f8 03 0f 85 2d 03 

Register to memory mapping:

RAX=0x00007f6268027430 is an unknown value
RBX=0x00007f628c06f3e0 is an unknown value
RCX=0x0000000000000003 is an unknown value
RDX=0x00000000000000cb is an unknown value
RSP=0x00007f629039eae0 is an unknown value
RBP=0x00007f629039eb60 is an unknown value
RSI=0x0000000631cac19d is an oop
graph_coloring.common.Pair 
 - klass: 'graph_coloring/common/Pair'
RDI=0x0000000000000000 is an unknown value
R8 =0x0000000755560000 is an oop
java.lang.Integer 
 - klass: 'java/lang/Integer'
R9 =0x0000000000000001 is an unknown value
R10=0x0000000000002000 is an unknown value
R11=0x00007f6292befc10: <offset 0x183c10> in /lib/x86_64-linux-gnu/libc.so.6 at 0x00007f6292a6c000
R12=0x00001007f9e351a0 is an unknown value
R13=0x00007f629281f850: <offset 0xb8f850> in /usr/lib/jvm/java-6-openjdk-amd64/jre/lib/amd64/server/libjvm.so at 0x00007f6291c90000
R14=0x0000000000000000 is an unknown value
R15=0x00007f628c06f460 is an unknown value


Stack: [0x00007f629029f000,0x00007f62903a0000],  sp=0x00007f629039eae0,  free space=1022k
Native frames: (J=compiled Java code, j=interpreted, Vv=VM code, C=native code)
V  [libjvm.so+0x69ae69]  PSPromotionManager::drain_stacks_depth(bool)+0x119
V  [libjvm.so+0x30e716]  CardTableExtension::scavenge_contents_parallel(ObjectStartArray*, MutableSpace*, HeapWord*, PSPromotionManager*, unsigned int)+0x946
V  [libjvm.so+0x69da17]  OldToYoungRootsTask::do_it(GCTaskManager*, unsigned int)+0x47
V  [libjvm.so+0x436787]  GCTaskThread::run()+0x107
V  [libjvm.so+0x64ac92]  java_start(Thread*)+0x112


---------------  P R O C E S S  ---------------

Java Threads: ( => current thread )
  0x00007f628c09f800 JavaThread "Low Memory Detector" daemon [_thread_blocked, id=5715, stack(0x00007f6285f7d000,0x00007f628607e000)]
  0x00007f628c09d800 JavaThread "C2 CompilerThread1" daemon [_thread_blocked, id=5714, stack(0x00007f628607e000,0x00007f628617f000)]
  0x00007f628c09a800 JavaThread "C2 CompilerThread0" daemon [_thread_blocked, id=5713, stack(0x00007f628617f000,0x00007f6286280000)]
  0x00007f628c099000 JavaThread "Signal Dispatcher" daemon [_thread_blocked, id=5712, stack(0x00007f6286280000,0x00007f6286381000)]
  0x00007f628c078000 JavaThread "Finalizer" daemon [_thread_blocked, id=5711, stack(0x00007f6286a64000,0x00007f6286b65000)]
  0x00007f628c076000 JavaThread "Reference Handler" daemon [_thread_blocked, id=5710, stack(0x00007f6286b65000,0x00007f6286c66000)]
  0x00007f628c008000 JavaThread "main" [_thread_blocked, id=5704, stack(0x00007f6293545000,0x00007f6293646000)]

Other Threads:
  0x00007f628c071800 VMThread [stack: 0x00007f6286c66000,0x00007f6286d67000] [id=5709]
  0x00007f628c0aa800 WatcherThread [stack: 0x00007f6285e7c000,0x00007f6285f7d000] [id=5716]

=>0x00007f628c012800 (exited) GCTaskThread [stack: 0x00007f629029f000,0x00007f62903a0000] [id=5705]

VM state:at safepoint (normal execution)

VM Mutex/Monitor currently owned by a thread:  ([mutex/lock_event])
[0x00007f628c004420] Threads_lock - owner thread: 0x00007f628c071800
[0x00007f628c004920] Heap_lock - owner thread: 0x00007f628c008000

Heap
 PSYoungGen      total 2446656K, used 2446625K [0x0000000755560000, 0x0000000800000000, 0x0000000800000000)
  eden space 2097152K, 100% used [0x0000000755560000,0x00000007d5560000,0x00000007d5560000)
  from space 349504K, 99% used [0x00000007d5560000,0x00000007eaaa86b8,0x00000007eaab0000)
  to   space 349504K, 100% used [0x00000007eaab0000,0x0000000800000000,0x0000000800000000)
 PSOldGen        total 5592448K, used 831015K [0x0000000600000000, 0x0000000755560000, 0x0000000755560000)
  object space 5592448K, 14% used [0x0000000600000000,0x0000000632b89f68,0x0000000755560000)
 PSPermGen       total 21248K, used 3279K [0x00000005f5a00000, 0x00000005f6ec0000, 0x0000000600000000)
  object space 21248K, 15% used [0x00000005f5a00000,0x00000005f5d33f88,0x00000005f6ec0000)

Code Cache  [0x00007f6289000000, 0x00007f6289270000, 0x00007f628c000000)
 total_blobs=281 nmethods=110 adapters=126 free_code_cache=49692160 largest_free_block=7936

Dynamic libraries:
00400000-00409000 r-xp 00000000 08:01 6424865                            /usr/lib/jvm/java-6-openjdk-amd64/jre/bin/java
00608000-00609000 r--p 00008000 08:01 6424865                            /usr/lib/jvm/java-6-openjdk-amd64/jre/bin/java
00609000-0060a000 rw-p 00009000 08:01 6424865                            /usr/lib/jvm/java-6-openjdk-amd64/jre/bin/java
01df5000-01e16000 rw-p 00000000 00:00 0                                  [heap]
5f5a00000-5f6ec0000 rw-p 00000000 00:00 0 
5f6ec0000-600000000 rw-p 00000000 00:00 0 
600000000-800000000 rw-p 00000000 00:00 0 
7f6248000000-7f6248021000 rw-p 00000000 00:00 0 
7f6248021000-7f624c000000 ---p 00000000 00:00 0 
7f6250000000-7f62505af000 rw-p 00000000 00:00 0 
7f62505af000-7f6254000000 ---p 00000000 00:00 0 
7f6254000000-7f6254021000 rw-p 00000000 00:00 0 
7f6254021000-7f6258000000 ---p 00000000 00:00 0 
7f6258000000-7f6258021000 rw-p 00000000 00:00 0 
7f6258021000-7f625c000000 ---p 00000000 00:00 0 
7f625c000000-7f625c82a000 rw-p 00000000 00:00 0 
7f625c82a000-7f6260000000 ---p 00000000 00:00 0 
7f6260000000-7f6260021000 rw-p 00000000 00:00 0 
7f6260021000-7f6264000000 ---p 00000000 00:00 0 
7f6264000000-7f6264021000 rw-p 00000000 00:00 0 
7f6264021000-7f6268000000 ---p 00000000 00:00 0 
7f6268000000-7f626837d000 rw-p 00000000 00:00 0 
7f626837d000-7f626c000000 ---p 00000000 00:00 0 
7f626c000000-7f626c021000 rw-p 00000000 00:00 0 
7f626c021000-7f6270000000 ---p 00000000 00:00 0 
7f6270000000-7f6270186000 rw-p 00000000 00:00 0 
7f6270186000-7f6274000000 ---p 00000000 00:00 0 
7f6278000000-7f62780ba000 rw-p 00000000 00:00 0 
7f62780ba000-7f627c000000 ---p 00000000 00:00 0 
7f6280000000-7f6280021000 rw-p 00000000 00:00 0 
7f6280021000-7f6284000000 ---p 00000000 00:00 0 
7f6285e7c000-7f6285e7d000 ---p 00000000 00:00 0 
7f6285e7d000-7f6285f7d000 rw-p 00000000 00:00 0 
7f6285f7d000-7f6285f80000 ---p 00000000 00:00 0 
7f6285f80000-7f628607e000 rw-p 00000000 00:00 0 
7f628607e000-7f6286081000 ---p 00000000 00:00 0 
7f6286081000-7f628617f000 rw-p 00000000 00:00 0 
7f628617f000-7f6286182000 ---p 00000000 00:00 0 
7f6286182000-7f6286280000 rw-p 00000000 00:00 0 
7f6286280000-7f6286283000 ---p 00000000 00:00 0 
7f6286283000-7f6286381000 rw-p 00000000 00:00 0 
7f6286381000-7f6286a64000 r--p 00000000 08:01 6298245                    /usr/lib/locale/locale-archive
7f6286a64000-7f6286a67000 ---p 00000000 00:00 0 
7f6286a67000-7f6286b65000 rw-p 00000000 00:00 0 
7f6286b65000-7f6286b68000 ---p 00000000 00:00 0 
7f6286b68000-7f6286c66000 rw-p 00000000 00:00 0 
7f6286c66000-7f6286c67000 ---p 00000000 00:00 0 
7f6286c67000-7f628726c000 rw-p 00000000 00:00 0 
7f628726c000-7f6287400000 r--s 03822000 08:01 6424859                    /usr/lib/jvm/java-6-openjdk-amd64/jre/lib/rt.jar
7f6287400000-7f6287401000 ---p 00000000 00:00 0 
7f6287401000-7f6287fb7000 rw-p 00000000 00:00 0 
7f6287fb7000-7f6287fff000 rw-p 00000000 00:00 0 
7f6287fff000-7f6289000000 rw-p 00000000 00:00 0 
7f6289000000-7f6289270000 rwxp 00000000 00:00 0 
7f6289270000-7f628c0d3000 rw-p 00000000 00:00 0 
7f628c0d3000-7f6290000000 ---p 00000000 00:00 0 
7f6290042000-7f629009d000 rw-p 00000000 00:00 0 
7f629009d000-7f629009e000 ---p 00000000 00:00 0 
7f629009e000-7f629019e000 rw-p 00000000 00:00 0 
7f629019e000-7f629019f000 ---p 00000000 00:00 0 
7f629019f000-7f629029f000 rw-p 00000000 00:00 0 
7f629029f000-7f62902a0000 ---p 00000000 00:00 0 
7f62902a0000-7f62903ab000 rw-p 00000000 00:00 0 
7f62903ab000-7f62903f3000 rw-p 00000000 00:00 0 
7f62903f3000-7f62903fa000 r-xp 00000000 08:01 6423950                    /usr/lib/jvm/java-6-openjdk-amd64/jre/lib/amd64/libzip.so
7f62903fa000-7f62905f9000 ---p 00007000 08:01 6423950                    /usr/lib/jvm/java-6-openjdk-amd64/jre/lib/amd64/libzip.so
7f62905f9000-7f62905fa000 r--p 00006000 08:01 6423950                    /usr/lib/jvm/java-6-openjdk-amd64/jre/lib/amd64/libzip.so
7f62905fa000-7f62905fb000 rw-p 00007000 08:01 6423950                    /usr/lib/jvm/java-6-openjdk-amd64/jre/lib/amd64/libzip.so
7f62905fb000-7f6290607000 r-xp 00000000 08:01 6822122                    /lib/x86_64-linux-gnu/libnss_files-2.15.so
7f6290607000-7f6290806000 ---p 0000c000 08:01 6822122                    /lib/x86_64-linux-gnu/libnss_files-2.15.so
7f6290806000-7f6290807000 r--p 0000b000 08:01 6822122                    /lib/x86_64-linux-gnu/libnss_files-2.15.so
7f6290807000-7f6290808000 rw-p 0000c000 08:01 6822122                    /lib/x86_64-linux-gnu/libnss_files-2.15.so
7f6290808000-7f6290812000 r-xp 00000000 08:01 6822126                    /lib/x86_64-linux-gnu/libnss_nis-2.15.so
7f6290812000-7f6290a12000 ---p 0000a000 08:01 6822126                    /lib/x86_64-linux-gnu/libnss_nis-2.15.so
7f6290a12000-7f6290a13000 r--p 0000a000 08:01 6822126                    /lib/x86_64-linux-gnu/libnss_nis-2.15.so
7f6290a13000-7f6290a14000 rw-p 0000b000 08:01 6822126                    /lib/x86_64-linux-gnu/libnss_nis-2.15.so
7f6290a14000-7f6290a2b000 r-xp 00000000 08:01 6822138                    /lib/x86_64-linux-gnu/libnsl-2.15.so
7f6290a2b000-7f6290c2a000 ---p 00017000 08:01 6822138                    /lib/x86_64-linux-gnu/libnsl-2.15.so
7f6290c2a000-7f6290c2b000 r--p 00016000 08:01 6822138                    /lib/x86_64-linux-gnu/libnsl-2.15.so
7f6290c2b000-7f6290c2c000 rw-p 00017000 08:01 6822138                    /lib/x86_64-linux-gnu/libnsl-2.15.so
7f6290c2c000-7f6290c2e000 rw-p 00000000 00:00 0 
7f6290c2e000-7f6290c36000 r-xp 00000000 08:01 6822120                    /lib/x86_64-linux-gnu/libnss_compat-2.15.so
7f6290c36000-7f6290e35000 ---p 00008000 08:01 6822120                    /lib/x86_64-linux-gnu/libnss_compat-2.15.so
7f6290e35000-7f6290e36000 r--p 00007000 08:01 6822120                    /lib/x86_64-linux-gnu/libnss_compat-2.15.so
7f6290e36000-7f6290e37000 rw-p 00008000 08:01 6822120                    /lib/x86_64-linux-gnu/libnss_compat-2.15.so
7f6290e37000-7f6290e63000 r-xp 00000000 08:01 6423723                    /usr/lib/jvm/java-6-openjdk-amd64/jre/lib/amd64/libjava.so
7f6290e63000-7f6291062000 ---p 0002c000 08:01 6423723                    /usr/lib/jvm/java-6-openjdk-amd64/jre/lib/amd64/libjava.so
7f6291062000-7f6291063000 r--p 0002b000 08:01 6423723                    /usr/lib/jvm/java-6-openjdk-amd64/jre/lib/amd64/libjava.so
7f6291063000-7f6291066000 rw-p 0002c000 08:01 6423723                    /usr/lib/jvm/java-6-openjdk-amd64/jre/lib/amd64/libjava.so
7f6291066000-7f6291074000 r-xp 00000000 08:01 6424030                    /usr/lib/jvm/java-6-openjdk-amd64/jre/lib/amd64/libverify.so
7f6291074000-7f6291273000 ---p 0000e000 08:01 6424030                    /usr/lib/jvm/java-6-openjdk-amd64/jre/lib/amd64/libverify.so
7f6291273000-7f6291275000 r--p 0000d000 08:01 6424030                    /usr/lib/jvm/java-6-openjdk-amd64/jre/lib/amd64/libverify.so
7f6291275000-7f6291276000 rw-p 0000f000 08:01 6424030                    /usr/lib/jvm/java-6-openjdk-amd64/jre/lib/amd64/libverify.so
7f6291276000-7f629127d000 r-xp 00000000 08:01 6822125                    /lib/x86_64-linux-gnu/librt-2.15.so
7f629127d000-7f629147c000 ---p 00007000 08:01 6822125                    /lib/x86_64-linux-gnu/librt-2.15.so
7f629147c000-7f629147d000 r--p 00006000 08:01 6822125                    /lib/x86_64-linux-gnu/librt-2.15.so
7f629147d000-7f629147e000 rw-p 00007000 08:01 6822125                    /lib/x86_64-linux-gnu/librt-2.15.so
7f629147e000-7f6291493000 r-xp 00000000 08:01 6819354                    /lib/x86_64-linux-gnu/libgcc_s.so.1
7f6291493000-7f6291692000 ---p 00015000 08:01 6819354                    /lib/x86_64-linux-gnu/libgcc_s.so.1
7f6291692000-7f6291693000 r--p 00014000 08:01 6819354                    /lib/x86_64-linux-gnu/libgcc_s.so.1
7f6291693000-7f6291694000 rw-p 00015000 08:01 6819354                    /lib/x86_64-linux-gnu/libgcc_s.so.1
7f6291694000-7f629178f000 r-xp 00000000 08:01 6822129                    /lib/x86_64-linux-gnu/libm-2.15.so
7f629178f000-7f629198e000 ---p 000fb000 08:01 6822129                    /lib/x86_64-linux-gnu/libm-2.15.so
7f629198e000-7f629198f000 r--p 000fa000 08:01 6822129                    /lib/x86_64-linux-gnu/libm-2.15.so
7f629198f000-7f6291990000 rw-p 000fb000 08:01 6822129                    /lib/x86_64-linux-gnu/libm-2.15.so
7f6291990000-7f6291a72000 r-xp 00000000 08:01 6299631                    /usr/lib/x86_64-linux-gnu/libstdc++.so.6.0.16
7f6291a72000-7f6291c71000 ---p 000e2000 08:01 6299631                    /usr/lib/x86_64-linux-gnu/libstdc++.so.6.0.16
7f6291c71000-7f6291c79000 r--p 000e1000 08:01 6299631                    /usr/lib/x86_64-linux-gnu/libstdc++.so.6.0.16
7f6291c79000-7f6291c7b000 rw-p 000e9000 08:01 6299631                    /usr/lib/x86_64-linux-gnu/libstdc++.so.6.0.16
7f6291c7b000-7f6291c90000 rw-p 00000000 00:00 0 
7f6291c90000-7f6292590000 r-xp 00000000 08:01 6424846                    /usr/lib/jvm/java-6-openjdk-amd64/jre/lib/amd64/server/libjvm.so
7f6292590000-7f6292790000 ---p 00900000 08:01 6424846                    /usr/lib/jvm/java-6-openjdk-amd64/jre/lib/amd64/server/libjvm.so
7f6292790000-7f6292811000 r--p 00900000 08:01 6424846                    /usr/lib/jvm/java-6-openjdk-amd64/jre/lib/amd64/server/libjvm.so
7f6292811000-7f629282c000 rw-p 00981000 08:01 6424846                    /usr/lib/jvm/java-6-openjdk-amd64/jre/lib/amd64/server/libjvm.so
7f629282c000-7f6292855000 rw-p 00000000 00:00 0 
7f6292855000-7f629286b000 r-xp 00000000 08:01 6819444                    /lib/x86_64-linux-gnu/libz.so.1.2.3.4
7f629286b000-7f6292a6a000 ---p 00016000 08:01 6819444                    /lib/x86_64-linux-gnu/libz.so.1.2.3.4
7f6292a6a000-7f6292a6b000 r--p 00015000 08:01 6819444                    /lib/x86_64-linux-gnu/libz.so.1.2.3.4
7f6292a6b000-7f6292a6c000 rw-p 00016000 08:01 6819444                    /lib/x86_64-linux-gnu/libz.so.1.2.3.4
7f6292a6c000-7f6292c21000 r-xp 00000000 08:01 6819427                    /lib/x86_64-linux-gnu/libc-2.15.so
7f6292c21000-7f6292e21000 ---p 001b5000 08:01 6819427                    /lib/x86_64-linux-gnu/libc-2.15.so
7f6292e21000-7f6292e25000 r--p 001b5000 08:01 6819427                    /lib/x86_64-linux-gnu/libc-2.15.so
7f6292e25000-7f6292e27000 rw-p 001b9000 08:01 6819427                    /lib/x86_64-linux-gnu/libc-2.15.so
7f6292e27000-7f6292e2c000 rw-p 00000000 00:00 0 
7f6292e2c000-7f6292e2e000 r-xp 00000000 08:01 6822133                    /lib/x86_64-linux-gnu/libdl-2.15.so
7f6292e2e000-7f629302e000 ---p 00002000 08:01 6822133                    /lib/x86_64-linux-gnu/libdl-2.15.so
7f629302e000-7f629302f000 r--p 00002000 08:01 6822133                    /lib/x86_64-linux-gnu/libdl-2.15.so
7f629302f000-7f6293030000 rw-p 00003000 08:01 6822133                    /lib/x86_64-linux-gnu/libdl-2.15.so
7f6293030000-7f6293034000 r-xp 00000000 08:01 6424851                    /usr/lib/jvm/java-6-openjdk-amd64/jre/lib/amd64/jli/libjli.so
7f6293034000-7f6293233000 ---p 00004000 08:01 6424851                    /usr/lib/jvm/java-6-openjdk-amd64/jre/lib/amd64/jli/libjli.so
7f6293233000-7f6293234000 r--p 00003000 08:01 6424851                    /usr/lib/jvm/java-6-openjdk-amd64/jre/lib/amd64/jli/libjli.so
7f6293234000-7f6293235000 rw-p 00004000 08:01 6424851                    /usr/lib/jvm/java-6-openjdk-amd64/jre/lib/amd64/jli/libjli.so
7f6293235000-7f629324d000 r-xp 00000000 08:01 6822127                    /lib/x86_64-linux-gnu/libpthread-2.15.so
7f629324d000-7f629344c000 ---p 00018000 08:01 6822127                    /lib/x86_64-linux-gnu/libpthread-2.15.so
7f629344c000-7f629344d000 r--p 00017000 08:01 6822127                    /lib/x86_64-linux-gnu/libpthread-2.15.so
7f629344d000-7f629344e000 rw-p 00018000 08:01 6822127                    /lib/x86_64-linux-gnu/libpthread-2.15.so
7f629344e000-7f6293452000 rw-p 00000000 00:00 0 
7f6293452000-7f6293474000 r-xp 00000000 08:01 6822130                    /lib/x86_64-linux-gnu/ld-2.15.so
7f6293485000-7f629348f000 rw-p 00000000 00:00 0 
7f629348f000-7f6293545000 rw-p 00000000 00:00 0 
7f6293545000-7f6293548000 ---p 00000000 00:00 0 
7f6293548000-7f629364b000 rw-p 00000000 00:00 0 
7f6293659000-7f629365b000 r--s 00001000 08:01 6424049                    /usr/lib/jvm/java-6-openjdk-common/jre/lib/ext/dnsns.jar
7f629365b000-7f629365e000 r--s 00077000 08:01 6424021                    /usr/lib/jvm/java-6-openjdk-common/jre/lib/ext/localedata.jar
7f629365e000-7f6293661000 r--s 00031000 08:01 6424050                    /usr/lib/jvm/java-6-openjdk-common/jre/lib/ext/sunjce_provider.jar
7f6293661000-7f6293665000 r--s 00039000 08:01 6423924                    /usr/lib/jvm/java-6-openjdk-common/jre/lib/ext/sunpkcs11.jar
7f6293665000-7f6293666000 r--s 00007000 08:01 6689659                    /usr/share/java/java-atk-wrapper.jar
7f6293666000-7f6293668000 r--s 0000f000 08:01 6423947                    /usr/lib/jvm/java-6-openjdk-common/jre/lib/ext/pulse-java.jar
7f6293668000-7f6293670000 rw-s 00000000 08:01 2621487                    /tmp/hsperfdata_dino/5699
7f6293670000-7f6293671000 rw-p 00000000 00:00 0 
7f6293671000-7f6293672000 ---p 00000000 00:00 0 
7f6293672000-7f6293674000 rw-p 00000000 00:00 0 
7f6293674000-7f6293675000 r--p 00022000 08:01 6822130                    /lib/x86_64-linux-gnu/ld-2.15.so
7f6293675000-7f6293677000 rw-p 00023000 08:01 6822130                    /lib/x86_64-linux-gnu/ld-2.15.so
7fff270c4000-7fff270e5000 rw-p 00000000 00:00 0                          [stack]
7fff27131000-7fff27132000 r-xp 00000000 00:00 0                          [vdso]
ffffffffff600000-ffffffffff601000 r-xp 00000000 00:00 0                  [vsyscall]

VM Arguments:
jvm_args: -Xms8G -Xmx8G -XX:-UseGCOverheadLimit -Dfile.encoding=UTF-8 
java_command: graph_coloring.main.Main
Launcher Type: SUN_STANDARD

Environment Variables:
PATH=/home/dino/.rbenv/shims:/home/dino/.rbenv/bin:/usr/local/cuda/bin/:~/Script/todo:~/Script/flyup:/usr/local/sbin:/usr/local/bin:/usr/sbin:/usr/bin:/sbin:/bin:/usr/games
USERNAME=dino
LD_LIBRARY_PATH=/usr/lib/jvm/java-6-openjdk-amd64/jre/lib/amd64/server:/usr/lib/jvm/java-6-openjdk-amd64/jre/lib/amd64:/usr/lib/jvm/java-6-openjdk-amd64/jre/../lib/amd64::/usr/local/cuda/lib:/usr/local/cuda/lib64:/usr/local/cuda/libnvvp:/home/dino/Documents/efc/trunk/:/usr/local/lib/
SHELL=/bin/bash
DISPLAY=:0.0

Signal Handlers:
SIGSEGV: [libjvm.so+0x7837c0], sa_mask[0]=0x7ffbfeff, sa_flags=0x10000004
SIGBUS: [libjvm.so+0x7837c0], sa_mask[0]=0x7ffbfeff, sa_flags=0x10000004
SIGFPE: [libjvm.so+0x647740], sa_mask[0]=0x7ffbfeff, sa_flags=0x10000004
SIGPIPE: [libjvm.so+0x647740], sa_mask[0]=0x7ffbfeff, sa_flags=0x10000004
SIGXFSZ: [libjvm.so+0x647740], sa_mask[0]=0x7ffbfeff, sa_flags=0x10000004
SIGILL: [libjvm.so+0x647740], sa_mask[0]=0x7ffbfeff, sa_flags=0x10000004
SIGUSR1: SIG_DFL, sa_mask[0]=0x00000000, sa_flags=0x00000000
SIGUSR2: [libjvm.so+0x647920], sa_mask[0]=0x00000004, sa_flags=0x10000004
SIGHUP: [libjvm.so+0x64a2f0], sa_mask[0]=0x7ffbfeff, sa_flags=0x10000004
SIGINT: [libjvm.so+0x64a2f0], sa_mask[0]=0x7ffbfeff, sa_flags=0x10000004
SIGTERM: [libjvm.so+0x64a2f0], sa_mask[0]=0x7ffbfeff, sa_flags=0x10000004
SIGQUIT: [libjvm.so+0x64a2f0], sa_mask[0]=0x7ffbfeff, sa_flags=0x10000004


---------------  S Y S T E M  ---------------

OS:LinuxMint 13 (maya)
uname:Linux 3.2.0-23-generic #36-Ubuntu SMP Tue Apr 10 20:39:51 UTC 2012 x86_64
libc:glibc 2.15 NPTL 2.15 
rlimit: STACK 8192k, CORE 0k, NPROC 62587, NOFILE 4096, AS infinity
load average:2.22 1.77 1.43

/proc/meminfo:
MemTotal:        8028748 kB
MemFree:         2431604 kB
Buffers:            9572 kB
Cached:           459768 kB
SwapCached:        21664 kB
Active:          4558972 kB
Inactive:         806976 kB
Active(anon):    4245968 kB
Inactive(anon):   696392 kB
Active(file):     313004 kB
Inactive(file):   110584 kB
Unevictable:           0 kB
Mlocked:               0 kB
SwapTotal:        999420 kB
SwapFree:         810080 kB
Dirty:              2088 kB
Writeback:             0 kB
AnonPages:       4878344 kB
Mapped:            76336 kB
Shmem:             45748 kB
Slab:              78992 kB
SReclaimable:      48596 kB
SUnreclaim:        30396 kB
KernelStack:        3784 kB
PageTables:        33728 kB
NFS_Unstable:          0 kB
Bounce:                0 kB
WritebackTmp:          0 kB
CommitLimit:     5013792 kB
Committed_AS:   11647340 kB
VmallocTotal:   34359738367 kB
VmallocUsed:      562732 kB
VmallocChunk:   34359150500 kB
HardwareCorrupted:     0 kB
AnonHugePages:         0 kB
HugePages_Total:       0
HugePages_Free:        0
HugePages_Rsvd:        0
HugePages_Surp:        0
Hugepagesize:       2048 kB
DirectMap4k:       63488 kB
DirectMap2M:     8175616 kB


CPU:total 4 (2 cores per cpu, 2 threads per core) family 6 model 42 stepping 7, cmov, cx8, fxsr, mmx, sse, sse2, sse3, ssse3, sse4.1, sse4.2, popcnt, ht

Memory: 4k page, physical 8028748k(2431604k free), swap 999420k(810080k free)

vm_info: OpenJDK 64-Bit Server VM (20.0-b12) for linux-amd64 JRE (1.6.0_27-b27), built on Nov 16 2013 15:13:05 by "buildd" with gcc 4.6.3

time: Tue Mar 18 17:21:50 2014
elapsed time: 11 seconds

